
GET /articles Sun, 03 Feb 2019 00:23:34 GMT
GET /articles Sun, 03 Feb 2019 00:25:12 GMT
GET /articles Sun, 03 Feb 2019 00:25:18 GMT
GET /articles Sun, 03 Feb 2019 00:25:53 GMT
GET /articles Sun, 03 Feb 2019 00:29:02 GMT
GET /articles Sun, 03 Feb 2019 00:29:17 GMT
GET /articles Sun, 03 Feb 2019 00:32:36 GMT
GET /articles Sun, 03 Feb 2019 00:32:43 GMT
GET /articles Sun, 03 Feb 2019 00:34:08 GMT
GET /articles Sun, 03 Feb 2019 00:34:22 GMT
GET /articles Sun, 03 Feb 2019 00:34:44 GMT
GET /articles Sun, 03 Feb 2019 00:42:43 GMT
GET /articles Sun, 03 Feb 2019 00:45:58 GMT
GET /articles/new Sun, 03 Feb 2019 00:46:48 GMT
GET /articles/Y2K Sun, 03 Feb 2019 00:51:09 GMT
GET /articles/Y2K Sun, 03 Feb 2019 00:51:44 GMT
GET /articles/Y2K Sun, 03 Feb 2019 00:52:08 GMT
GET /articles/Y2K Sun, 03 Feb 2019 00:52:47 GMT
GET /articles/Y2K Sun, 03 Feb 2019 00:53:12 GMT
GET /articles/faegaga Sun, 03 Feb 2019 00:53:30 GMT
GET /articles/faegaga Sun, 03 Feb 2019 00:53:58 GMT
GET /articles/faegaga Sun, 03 Feb 2019 00:56:27 GMT
GET /articles/faegaga Sun, 03 Feb 2019 00:56:51 GMT
GET /articles/faegaga Sun, 03 Feb 2019 00:57:10 GMT
GET /articles/faegaga Sun, 03 Feb 2019 00:58:07 GMT
GET /articles/faegaga Sun, 03 Feb 2019 01:05:33 GMT
GET /articles/Y2K Sun, 03 Feb 2019 01:05:46 GMT
GET /articles/Y2K Sun, 03 Feb 2019 01:06:29 GMT
GET /articles/Y2K Sun, 03 Feb 2019 01:06:41 GMT
GET /articles/Y2K Sun, 03 Feb 2019 01:07:30 GMT
GET /articles/Y2K Sun, 03 Feb 2019 01:07:34 GMT
GET /articles/Y2K Sun, 03 Feb 2019 01:09:34 GMT
GET /articles/Y2K Sun, 03 Feb 2019 01:10:13 GMT
GET /articles/Y2K Sun, 03 Feb 2019 01:11:12 GMT
GET /articles Sun, 03 Feb 2019 01:11:19 GMT
GET /articles/Y2K Sun, 03 Feb 2019 01:11:22 GMT
GET /articles/Y2K Sun, 03 Feb 2019 01:12:05 GMT
GET /articles/Y2K Sun, 03 Feb 2019 01:12:08 GMT
GET /articles/Y2K Sun, 03 Feb 2019 01:12:29 GMT
GET /articles/Y2K Sun, 03 Feb 2019 01:13:15 GMT
GET /articles/Y2K Sun, 03 Feb 2019 01:13:32 GMT
GET /articles/Y2K Sun, 03 Feb 2019 01:13:53 GMT
GET /articles/Y2K Sun, 03 Feb 2019 01:15:53 GMT
GET /articles/Y2K Sun, 03 Feb 2019 01:18:15 GMT
GET /articles/Y2K Sun, 03 Feb 2019 01:19:08 GMT
GET /articles/Y2K Sun, 03 Feb 2019 01:20:10 GMT
GET /articles/Y2K Sun, 03 Feb 2019 01:20:12 GMT
GET /articles/Y2K Sun, 03 Feb 2019 01:20:50 GMT
GET /articles/Y2K Sun, 03 Feb 2019 01:21:21 GMT
GET /articles/Y2K Sun, 03 Feb 2019 01:22:01 GMT
GET /articles/Y2K Sun, 03 Feb 2019 01:22:46 GMT
GET /articles/Y2K Sun, 03 Feb 2019 01:23:00 GMT
GET /articles/Y2K Sun, 03 Feb 2019 01:23:24 GMT
GET /articles/aegaega Sun, 03 Feb 2019 01:23:43 GMT
GET /articles/aegaega Sun, 03 Feb 2019 01:24:20 GMT
GET /articles/Y2K Sun, 03 Feb 2019 01:24:31 GMT
GET /articles/Y2K Sun, 03 Feb 2019 01:25:00 GMT
GET /articles/Y2K Sun, 03 Feb 2019 01:25:58 GMT
GET /articles/Y2K Sun, 03 Feb 2019 01:25:58 GMT
GET /articles/Y2K Sun, 03 Feb 2019 01:26:42 GMT
GET /articles/Y2K Sun, 03 Feb 2019 01:26:57 GMT
GET /articles/Y2K Sun, 03 Feb 2019 01:30:09 GMT
GET /articles/Y2K Sun, 03 Feb 2019 01:33:00 GMT
GET /articles/Y2K Sun, 03 Feb 2019 01:34:18 GMT
GET /articles/Y2K Sun, 03 Feb 2019 01:34:30 GMT
GET /articles/Y2K Sun, 03 Feb 2019 01:35:11 GMT
GET /articles/Y2K Sun, 03 Feb 2019 01:35:39 GMT
GET /articles/Y2K Sun, 03 Feb 2019 01:35:53 GMT
GET /articles/Y2K Sun, 03 Feb 2019 01:37:32 GMT
GET /articles/Y2K Sun, 03 Feb 2019 01:39:32 GMT
GET /articles/Y2K Sun, 03 Feb 2019 01:39:54 GMT
GET /articles/Y2K Sun, 03 Feb 2019 01:42:02 GMT
GET /articles/Y2K Sun, 03 Feb 2019 01:44:02 GMT
GET /articles/Y2K Sun, 03 Feb 2019 01:44:15 GMT
GET /articles/Y2K Sun, 03 Feb 2019 01:47:27 GMT
GET /articles/Y2K Sun, 03 Feb 2019 01:47:49 GMT
GET /articles/Y2K Sun, 03 Feb 2019 01:48:06 GMT
GET /articles/Y2K Sun, 03 Feb 2019 01:48:28 GMT
GET /articles/Y2K Sun, 03 Feb 2019 01:48:59 GMT
GET /articles/Y2K Sun, 03 Feb 2019 01:51:21 GMT
GET /articles/Y2K Sun, 03 Feb 2019 01:52:44 GMT
GET /articles/Y2K Sun, 03 Feb 2019 01:53:00 GMT
GET /articles/Y2K Sun, 03 Feb 2019 01:54:04 GMT
GET /articles/Y2K Sun, 03 Feb 2019 01:55:09 GMT
GET /articles/Y2K Sun, 03 Feb 2019 01:55:43 GMT
GET /articles/Y2K Sun, 03 Feb 2019 01:57:40 GMT
GET /articles/Y2K Sun, 03 Feb 2019 01:57:47 GMT
GET /articles/Y2K Sun, 03 Feb 2019 01:57:49 GMT
GET /articles/Y2K Sun, 03 Feb 2019 01:58:32 GMT
GET /articles/Y2K Sun, 03 Feb 2019 01:58:53 GMT
GET /articles/Y2K Sun, 03 Feb 2019 01:59:10 GMT
GET /articles/Y2K Sun, 03 Feb 2019 02:00:17 GMT
GET /articles/Y2K Sun, 03 Feb 2019 02:01:57 GMT
GET /articles/Y2K Sun, 03 Feb 2019 02:02:32 GMT
GET /articles/Y2K Sun, 03 Feb 2019 02:03:56 GMT
GET /articles/Y2K Sun, 03 Feb 2019 02:05:53 GMT
GET /articles/Y2K Sun, 03 Feb 2019 02:06:34 GMT
GET /articles/Y2K Sun, 03 Feb 2019 02:07:46 GMT
GET /articles/Y2K Sun, 03 Feb 2019 02:08:24 GMT
GET /articles/Y2K Sun, 03 Feb 2019 02:08:51 GMT
GET /articles/Y2K Sun, 03 Feb 2019 02:09:07 GMT
GET /articles/Y2K Sun, 03 Feb 2019 02:09:41 GMT
GET /articles/Y2K Sun, 03 Feb 2019 02:09:55 GMT
GET /articles/Y2K Sun, 03 Feb 2019 02:10:29 GMT
GET /articles/Y2K Sun, 03 Feb 2019 02:12:19 GMT
GET /articles/Y2K Sun, 03 Feb 2019 02:13:07 GMT
GET /articles/Y2K Sun, 03 Feb 2019 02:13:35 GMT
GET /articles/aegae Sun, 03 Feb 2019 02:13:41 GMT
GET /articles/edit/Y2K Sun, 03 Feb 2019 02:15:34 GMT
GET /articles/Y2K/edit Sun, 03 Feb 2019 02:15:49 GMT
GET /articles/Y2K/edit Sun, 03 Feb 2019 02:18:28 GMT
GET /articles/Y2K/edit Sun, 03 Feb 2019 02:19:09 GMT
GET /articles/Y2K/edit Sun, 03 Feb 2019 02:21:38 GMT
GET /articles/Y2K/edit Sun, 03 Feb 2019 02:22:09 GMT
GET /articles/Y2K Sun, 03 Feb 2019 02:22:20 GMT
GET /articles/aegae Sun, 03 Feb 2019 02:22:23 GMT
GET /articles/Y2K Sun, 03 Feb 2019 02:22:27 GMT
GET /articles/Y2K/edit Sun, 03 Feb 2019 02:22:32 GMT
GET /articles/Y2K/edit Sun, 03 Feb 2019 02:23:19 GMT
GET /articles/Y2K/edit Sun, 03 Feb 2019 02:23:20 GMT
GET /articles/Y2K/edit Sun, 03 Feb 2019 02:23:45 GMT
GET /articles/Y2K/edit Sun, 03 Feb 2019 02:24:16 GMT
GET /articles/Y2K/edit Sun, 03 Feb 2019 02:24:31 GMT
GET /articles/new Sun, 03 Feb 2019 02:29:07 GMT
POST /articles Sun, 03 Feb 2019 02:29:30 GMT
GET /articles Sun, 03 Feb 2019 02:30:39 GMT
GET /articles/new Sun, 03 Feb 2019 02:30:42 GMT
POST /articles Sun, 03 Feb 2019 02:30:55 GMT
GET /articles Sun, 03 Feb 2019 02:31:52 GMT
GET /articles/new Sun, 03 Feb 2019 02:31:55 GMT
POST /articles Sun, 03 Feb 2019 02:32:00 GMT
GET /articles Sun, 03 Feb 2019 02:32:41 GMT
GET /articles/new Sun, 03 Feb 2019 02:32:43 GMT
POST /articles Sun, 03 Feb 2019 02:32:53 GMT
GET /articles/new Sun, 03 Feb 2019 02:33:23 GMT
POST /articles Sun, 03 Feb 2019 02:33:35 GMT
GET /articles/ew Sun, 03 Feb 2019 02:33:52 GMT
GET /articles/new Sun, 03 Feb 2019 02:33:54 GMT
POST /articles Sun, 03 Feb 2019 02:34:08 GMT
GET /articles Sun, 03 Feb 2019 02:34:08 GMT
POST /articles Sun, 03 Feb 2019 02:36:41 GMT
GET /articles Sun, 03 Feb 2019 02:36:41 GMT
GET /articles/new Sun, 03 Feb 2019 02:46:25 GMT
POST /articles Sun, 03 Feb 2019 02:46:28 GMT
GET /articles Sun, 03 Feb 2019 02:46:28 GMT
GET /articles/faegaeg/edit Sun, 03 Feb 2019 02:53:25 GMT
PUT /articles/faegaeg?_method=PUT Sun, 03 Feb 2019 02:58:34 GMT
PUT /articles/faegaeg?_method=PUT Sun, 03 Feb 2019 03:00:11 GMT
PUT /articles/faegaeg?_method=PUT Sun, 03 Feb 2019 03:00:38 GMT
GET /articles/faegaeg Sun, 03 Feb 2019 03:00:38 GMT
PUT /articles/faegaeg?_method=PUT Sun, 03 Feb 2019 03:01:27 GMT
PUT /articles/faegaeg?_method=PUT Sun, 03 Feb 2019 04:10:12 GMT
PUT /articles/faegaeg?_method=PUT Sun, 03 Feb 2019 04:11:53 GMT
PUT /articles/faegaeg?_method=PUT Sun, 03 Feb 2019 04:12:30 GMT
GET /articles/faegaeg/edit Sun, 03 Feb 2019 04:12:41 GMT
GET /articles/UFOspotted/edit Sun, 03 Feb 2019 04:12:50 GMT
GET /articles/UFO%20spotted/edit Sun, 03 Feb 2019 04:31:26 GMT
GET /articles/UFO%20spotted/edit Sun, 03 Feb 2019 04:32:06 GMT
GET /articles/UFOspotted/edit Sun, 03 Feb 2019 04:32:11 GMT
GET /articles/UFO%20spotted/edit Sun, 03 Feb 2019 04:32:21 GMT
GET /articles/UFO%20spotted/edit Sun, 03 Feb 2019 04:32:46 GMT
GET /articles/UFO%20spotted/edit Sun, 03 Feb 2019 04:33:07 GMT
GET /articles/UFO%20spotted/edit Sun, 03 Feb 2019 04:33:34 GMT
GET /articles/UFO%20spotted/edit Sun, 03 Feb 2019 04:33:54 GMT
GET /articles/UFO%20spotted/edit Sun, 03 Feb 2019 04:34:40 GMT
GET /articles/UFO%20spotted/edit Sun, 03 Feb 2019 04:34:50 GMT
GET /articles/UFO%20spotted/edit Sun, 03 Feb 2019 04:35:17 GMT
GET /articles/UFO%20spotted/edit Sun, 03 Feb 2019 04:35:25 GMT
GET /articles/UFO%20spotted/edit Sun, 03 Feb 2019 04:35:45 GMT
GET /articles/UFO%20spotted/edit Sun, 03 Feb 2019 04:36:13 GMT
GET /articles/UFO%20spotted/edit Sun, 03 Feb 2019 04:36:15 GMT
GET /articles/UFO%20spotted/edit Sun, 03 Feb 2019 04:36:56 GMT
PUT /articles/UFO%20spotted?_method=PUT Sun, 03 Feb 2019 04:37:29 GMT
PUT /articles/UFO%20spotted?_method=PUT Sun, 03 Feb 2019 04:39:48 GMT
PUT /articles/UFO%20spotted?_method=PUT Sun, 03 Feb 2019 04:39:59 GMT
GET /articles/ufospotted Sun, 03 Feb 2019 04:39:59 GMT
GET /articles/UFO%20spot/edit Sun, 03 Feb 2019 04:45:39 GMT
PUT /articles/UFO%20spot?_method=PUT Sun, 03 Feb 2019 04:45:43 GMT
PUT /articles/UFO%20spot?_method=PUT Sun, 03 Feb 2019 04:46:24 GMT
GET /articles/UFO%20s Sun, 03 Feb 2019 04:46:24 GMT
GET /articles/UFO%20s/edit Sun, 03 Feb 2019 04:46:36 GMT
PUT /articles/UFO%20s?_method=PUT Sun, 03 Feb 2019 04:46:40 GMT
GET /articles/UFO%20spotted Sun, 03 Feb 2019 04:46:40 GMT
DELETE /UFO%20spotted Sun, 03 Feb 2019 05:00:23 GMT
DELETE /UFO%20spotted Sun, 03 Feb 2019 05:01:14 GMT
DELETE /UFO%20spotted Sun, 03 Feb 2019 05:02:11 GMT
DELETE /articles/UFO%20spotted Sun, 03 Feb 2019 05:02:29 GMT
GET /products Sun, 03 Feb 2019 05:10:23 GMT
GET /products Sun, 03 Feb 2019 05:10:38 GMT
GET /products Sun, 03 Feb 2019 05:11:18 GMT
GET /products/new Sun, 03 Feb 2019 05:13:12 GMT
GET /products/1 Sun, 03 Feb 2019 05:18:25 GMT
GET /products/1 Sun, 03 Feb 2019 05:20:26 GMT
GET /products/1/edit Sun, 03 Feb 2019 05:26:42 GMT
GET /products/1/edit Sun, 03 Feb 2019 05:26:46 GMT
GET /products/1/edit Sun, 03 Feb 2019 05:27:13 GMT
GET /products/1/edit Sun, 03 Feb 2019 05:27:18 GMT
GET /products/1 Sun, 03 Feb 2019 05:27:22 GMT
GET /products/1/edit Sun, 03 Feb 2019 05:27:24 GMT
GET /products/1/edit Sun, 03 Feb 2019 05:27:57 GMT
GET /products/1/edit Sun, 03 Feb 2019 05:28:20 GMT
GET /products/2/edit Sun, 03 Feb 2019 05:28:41 GMT
GET /products/1/edit Sun, 03 Feb 2019 05:29:43 GMT
GET /products/new Sun, 03 Feb 2019 05:32:43 GMT
POST /products Sun, 03 Feb 2019 05:32:59 GMT
POST /products Sun, 03 Feb 2019 05:33:20 GMT
POST /products Sun, 03 Feb 2019 05:35:06 GMT
POST /products Sun, 03 Feb 2019 05:35:16 GMT
GET /products Sun, 03 Feb 2019 05:35:16 GMT
GET /products/1/edit Sun, 03 Feb 2019 05:44:50 GMT
PUT /products/?_method=PUT Sun, 03 Feb 2019 05:44:54 GMT
PUT /products/?_method=PUT Sun, 03 Feb 2019 05:45:07 GMT
PUT /products/?_method=PUT Sun, 03 Feb 2019 05:46:13 GMT
PUT /products/?_method=PUT Sun, 03 Feb 2019 05:46:47 GMT
PUT /products/?_method=PUT Sun, 03 Feb 2019 05:47:12 GMT
PUT /products/?_method=PUT Sun, 03 Feb 2019 05:47:25 GMT
PUT /products/?_method=PUT Sun, 03 Feb 2019 05:48:15 GMT
PUT /products/?_method=PUT Sun, 03 Feb 2019 05:48:34 GMT