
GET /products Wed, 30 Jan 2019 01:26:23 GMT
GET /products/1 Wed, 30 Jan 2019 01:26:56 GMT
GET /products/1/edit Wed, 30 Jan 2019 01:27:00 GMT
PUT /products/1?_method=PUT Wed, 30 Jan 2019 01:27:13 GMT
GET /products/1 Wed, 30 Jan 2019 01:27:13 GMT
GET /articles Wed, 30 Jan 2019 01:33:47 GMT
GET /articles Wed, 30 Jan 2019 01:35:47 GMT
GET /articles Wed, 30 Jan 2019 01:37:47 GMT
GET /articles Wed, 30 Jan 2019 01:37:54 GMT
GET /articles Wed, 30 Jan 2019 02:13:31 GMT
GET /articles Wed, 30 Jan 2019 02:15:31 GMT
GET /articles Wed, 30 Jan 2019 02:21:12 GMT
GET /articles Wed, 30 Jan 2019 02:21:14 GMT
GET /articles Wed, 30 Jan 2019 02:21:21 GMT
GET /articles Wed, 30 Jan 2019 02:22:48 GMT
GET /articles/new Wed, 30 Jan 2019 02:23:12 GMT
POST /articles Wed, 30 Jan 2019 02:23:18 GMT
POST /articles Wed, 30 Jan 2019 02:23:45 GMT
GET /articles/hi Wed, 30 Jan 2019 02:29:34 GMT
GET /articles/hi Wed, 30 Jan 2019 02:31:26 GMT
GET /articles/hi Wed, 30 Jan 2019 02:31:50 GMT
GET /articles/hi Wed, 30 Jan 2019 02:33:01 GMT
GET /articles/hi Wed, 30 Jan 2019 02:35:04 GMT
GET /articles/hi Wed, 30 Jan 2019 02:35:51 GMT
GET /articles/hi Wed, 30 Jan 2019 02:36:40 GMT
GET /articles/hi Wed, 30 Jan 2019 02:38:25 GMT
GET /articles/hi/edit Wed, 30 Jan 2019 02:40:44 GMT
GET /articles/hi/edit Wed, 30 Jan 2019 02:41:06 GMT
GET /articles/hi/edit Wed, 30 Jan 2019 02:41:53 GMT
DELETE /hi Wed, 30 Jan 2019 02:52:33 GMT
DELETE /articles/hi Wed, 30 Jan 2019 02:53:18 GMT
DELETE /articles/hi Wed, 30 Jan 2019 04:03:00 GMT
GET /articles/hi Wed, 30 Jan 2019 04:07:30 GMT
GET /articles/hi/edit Wed, 30 Jan 2019 04:14:16 GMT
GET /products/new Wed, 30 Jan 2019 04:24:45 GMT
POST /products Wed, 30 Jan 2019 04:24:52 GMT
POST /products Wed, 30 Jan 2019 04:25:39 GMT
GET /products/3/edit Wed, 30 Jan 2019 04:33:19 GMT
GET /products/1/edit Wed, 30 Jan 2019 04:33:26 GMT
GET /products/1/edit Wed, 30 Jan 2019 04:34:26 GMT
PUT /products/1?_method=PUT Wed, 30 Jan 2019 04:34:37 GMT
GET /products/1 Wed, 30 Jan 2019 04:34:37 GMT
GET /products/1/edit Wed, 30 Jan 2019 04:36:26 GMT
PUT /products/1?_method=PUT Wed, 30 Jan 2019 04:36:36 GMT
GET /products/1 Wed, 30 Jan 2019 04:36:36 GMT
GET /products/3/edit Wed, 30 Jan 2019 04:38:09 GMT
GET /products/3/edit Wed, 30 Jan 2019 04:39:36 GMT
GET /products/1/edit Wed, 30 Jan 2019 04:41:42 GMT
PUT /products/1?_method=PUT Wed, 30 Jan 2019 04:41:57 GMT
GET /products/1 Wed, 30 Jan 2019 04:41:57 GMT
GET /products/1/edit Wed, 30 Jan 2019 04:43:45 GMT
PUT /products/1?_method=PUT Wed, 30 Jan 2019 04:43:51 GMT
GET /products/1/edit Wed, 30 Jan 2019 04:48:15 GMT
PUT /products/1?_method=PUT Wed, 30 Jan 2019 04:48:20 GMT
PUT /products/1?_method=PUT Wed, 30 Jan 2019 04:50:07 GMT
PUT /products/1?_method=PUT Wed, 30 Jan 2019 04:50:35 GMT
PUT /products/1?_method=PUT Wed, 30 Jan 2019 04:50:53 GMT
PUT /products/1?_method=PUT Wed, 30 Jan 2019 04:54:11 GMT
PUT /products/1?_method=PUT Wed, 30 Jan 2019 04:54:35 GMT
DELETE /products/6 Wed, 30 Jan 2019 04:57:13 GMT