
GET /products Wed, 30 Jan 2019 21:55:34 GMT
GET /products Wed, 30 Jan 2019 21:57:51 GMT
GET /products Wed, 30 Jan 2019 21:59:21 GMT
GET /products/new Wed, 30 Jan 2019 21:59:21 GMT
GET /products Wed, 30 Jan 2019 22:02:00 GMT
GET /products/new Wed, 30 Jan 2019 22:02:00 GMT
GET /products/1 Wed, 30 Jan 2019 22:02:00 GMT
GET /products Wed, 30 Jan 2019 22:03:39 GMT
GET /products/new Wed, 30 Jan 2019 22:03:39 GMT
GET /products/1 Wed, 30 Jan 2019 22:03:39 GMT
GET /products/5 Wed, 30 Jan 2019 22:03:39 GMT
GET /products Wed, 30 Jan 2019 22:05:26 GMT
GET /products/new Wed, 30 Jan 2019 22:05:26 GMT
GET /products/1 Wed, 30 Jan 2019 22:05:26 GMT
GET /products/5 Wed, 30 Jan 2019 22:05:26 GMT
GET /products/1/edit Wed, 30 Jan 2019 22:05:26 GMT
GET /products Wed, 30 Jan 2019 22:18:18 GMT
GET /products/new Wed, 30 Jan 2019 22:18:18 GMT
GET /products/1 Wed, 30 Jan 2019 22:18:18 GMT
GET /products/5 Wed, 30 Jan 2019 22:18:18 GMT
GET /products/1/edit Wed, 30 Jan 2019 22:18:18 GMT
GET /products Wed, 30 Jan 2019 22:21:55 GMT
GET /products/new Wed, 30 Jan 2019 22:21:55 GMT
GET /products/1 Wed, 30 Jan 2019 22:21:55 GMT
GET /products/5 Wed, 30 Jan 2019 22:21:55 GMT
GET /products/1/edit Wed, 30 Jan 2019 22:21:55 GMT
GET /products Wed, 30 Jan 2019 22:22:22 GMT
GET /products/new Wed, 30 Jan 2019 22:22:22 GMT
GET /products/1 Wed, 30 Jan 2019 22:22:22 GMT
GET /products/5 Wed, 30 Jan 2019 22:22:22 GMT
GET /products/1/edit Wed, 30 Jan 2019 22:22:22 GMT
GET /products Wed, 30 Jan 2019 22:25:08 GMT
GET /products/new Wed, 30 Jan 2019 22:25:08 GMT
GET /products/1 Wed, 30 Jan 2019 22:25:08 GMT
GET /products/5 Wed, 30 Jan 2019 22:25:08 GMT
GET /products/1/edit Wed, 30 Jan 2019 22:25:08 GMT
GET /products Wed, 30 Jan 2019 22:27:16 GMT
GET /products/new Wed, 30 Jan 2019 22:27:16 GMT
GET /products/1 Wed, 30 Jan 2019 22:27:16 GMT
GET /products/5 Wed, 30 Jan 2019 22:27:16 GMT
GET /products/1/edit Wed, 30 Jan 2019 22:27:16 GMT
GET /products/2/edit Wed, 30 Jan 2019 22:27:16 GMT
GET /products Wed, 30 Jan 2019 22:27:32 GMT
GET /products/new Wed, 30 Jan 2019 22:27:32 GMT
GET /products/1 Wed, 30 Jan 2019 22:27:32 GMT
GET /products/5 Wed, 30 Jan 2019 22:27:32 GMT
GET /products/1/edit Wed, 30 Jan 2019 22:27:32 GMT
GET /products/2/edit Wed, 30 Jan 2019 22:27:32 GMT
GET /products Wed, 30 Jan 2019 22:27:45 GMT
GET /products/new Wed, 30 Jan 2019 22:27:45 GMT
GET /products/1 Wed, 30 Jan 2019 22:27:45 GMT
GET /products/5 Wed, 30 Jan 2019 22:27:45 GMT
GET /products/1/edit Wed, 30 Jan 2019 22:27:45 GMT
GET /products/2/edit Wed, 30 Jan 2019 22:27:45 GMT
GET /products Wed, 30 Jan 2019 22:28:35 GMT
GET /products/new Wed, 30 Jan 2019 22:28:35 GMT
GET /products/1 Wed, 30 Jan 2019 22:28:35 GMT
GET /products/5 Wed, 30 Jan 2019 22:28:35 GMT
GET /products/1/edit Wed, 30 Jan 2019 22:28:35 GMT
GET /products/2/edit Wed, 30 Jan 2019 22:28:35 GMT
GET /products Wed, 30 Jan 2019 22:29:08 GMT
GET /products/new Wed, 30 Jan 2019 22:29:08 GMT
GET /products/1 Wed, 30 Jan 2019 22:29:08 GMT
GET /products/5 Wed, 30 Jan 2019 22:29:08 GMT
GET /products/1/edit Wed, 30 Jan 2019 22:29:08 GMT
GET /products/2/edit Wed, 30 Jan 2019 22:29:08 GMT
GET /products Wed, 30 Jan 2019 22:29:32 GMT
GET /products/new Wed, 30 Jan 2019 22:29:32 GMT
GET /products/1 Wed, 30 Jan 2019 22:29:33 GMT
GET /products/5 Wed, 30 Jan 2019 22:29:33 GMT
GET /products/1/edit Wed, 30 Jan 2019 22:29:33 GMT
GET /products/2/edit Wed, 30 Jan 2019 22:29:33 GMT
GET /products Wed, 30 Jan 2019 22:52:51 GMT
GET /products/new Wed, 30 Jan 2019 22:52:51 GMT
GET /products/1 Wed, 30 Jan 2019 22:52:52 GMT
GET /products/5 Wed, 30 Jan 2019 22:52:52 GMT
GET /products/1/edit Wed, 30 Jan 2019 22:52:52 GMT
GET /products/2/edit Wed, 30 Jan 2019 22:52:52 GMT
GET /products Wed, 30 Jan 2019 22:53:35 GMT
GET /products/new Wed, 30 Jan 2019 22:53:35 GMT
GET /products/1 Wed, 30 Jan 2019 22:53:35 GMT
GET /products/5 Wed, 30 Jan 2019 22:53:35 GMT
GET /products/1/edit Wed, 30 Jan 2019 22:53:35 GMT
GET /products/2/edit Wed, 30 Jan 2019 22:53:35 GMT
GET /products Wed, 30 Jan 2019 22:54:11 GMT
GET /products/new Wed, 30 Jan 2019 22:54:11 GMT
GET /products/1 Wed, 30 Jan 2019 22:54:11 GMT
GET /products/5 Wed, 30 Jan 2019 22:54:11 GMT
GET /products/1/edit Wed, 30 Jan 2019 22:54:11 GMT
GET /products/2/edit Wed, 30 Jan 2019 22:54:11 GMT
GET /products Wed, 30 Jan 2019 22:55:03 GMT
GET /products/new Wed, 30 Jan 2019 22:55:03 GMT
GET /products/1 Wed, 30 Jan 2019 22:55:03 GMT
GET /products/5 Wed, 30 Jan 2019 22:55:03 GMT
GET /products/1/edit Wed, 30 Jan 2019 22:55:03 GMT
GET /products/2/edit Wed, 30 Jan 2019 22:55:03 GMT
GET /products Wed, 30 Jan 2019 22:55:38 GMT
GET /products/new Wed, 30 Jan 2019 22:55:38 GMT
GET /products/1 Wed, 30 Jan 2019 22:55:38 GMT
GET /products/5 Wed, 30 Jan 2019 22:55:38 GMT
GET /products/1/edit Wed, 30 Jan 2019 22:55:38 GMT
GET /products/2/edit Wed, 30 Jan 2019 22:55:38 GMT
GET /products Wed, 30 Jan 2019 22:56:11 GMT
GET /products/new Wed, 30 Jan 2019 22:56:11 GMT
GET /products/1 Wed, 30 Jan 2019 22:56:11 GMT
GET /products/5 Wed, 30 Jan 2019 22:56:11 GMT
GET /products/1/edit Wed, 30 Jan 2019 22:56:11 GMT
GET /products/2/edit Wed, 30 Jan 2019 22:56:11 GMT
GET /products Wed, 30 Jan 2019 22:56:33 GMT
GET /products/new Wed, 30 Jan 2019 22:56:33 GMT
GET /products/1 Wed, 30 Jan 2019 22:56:33 GMT
GET /products/5 Wed, 30 Jan 2019 22:56:33 GMT
GET /products/1/edit Wed, 30 Jan 2019 22:56:33 GMT
GET /products/2/edit Wed, 30 Jan 2019 22:56:33 GMT
GET /products Wed, 30 Jan 2019 22:57:57 GMT
GET /products/new Wed, 30 Jan 2019 22:57:57 GMT
GET /products/1 Wed, 30 Jan 2019 22:57:57 GMT
GET /products/5 Wed, 30 Jan 2019 22:57:57 GMT
GET /products/1/edit Wed, 30 Jan 2019 22:57:57 GMT
GET /products/2/edit Wed, 30 Jan 2019 22:57:57 GMT
GET /products Wed, 30 Jan 2019 22:58:11 GMT
GET /products/new Wed, 30 Jan 2019 22:58:11 GMT
GET /products/1 Wed, 30 Jan 2019 22:58:11 GMT
GET /products/5 Wed, 30 Jan 2019 22:58:11 GMT
GET /products/1/edit Wed, 30 Jan 2019 22:58:11 GMT
GET /products/2/edit Wed, 30 Jan 2019 22:58:11 GMT
GET /products Wed, 30 Jan 2019 23:16:42 GMT
GET /products/new Wed, 30 Jan 2019 23:16:42 GMT
GET /products/1 Wed, 30 Jan 2019 23:16:42 GMT
GET /products/5 Wed, 30 Jan 2019 23:16:42 GMT
GET /products/1/edit Wed, 30 Jan 2019 23:16:42 GMT
GET /products/2/edit Wed, 30 Jan 2019 23:16:42 GMT
GET /products Wed, 30 Jan 2019 23:23:02 GMT
GET /products/new Wed, 30 Jan 2019 23:23:03 GMT
GET /products/1 Wed, 30 Jan 2019 23:23:03 GMT
GET /products/5 Wed, 30 Jan 2019 23:23:03 GMT
GET /products/1/edit Wed, 30 Jan 2019 23:23:03 GMT
GET /products/2/edit Wed, 30 Jan 2019 23:23:03 GMT
GET /products Wed, 30 Jan 2019 23:23:55 GMT
GET /products/new Wed, 30 Jan 2019 23:23:55 GMT
GET /products/1 Wed, 30 Jan 2019 23:23:55 GMT
GET /products/5 Wed, 30 Jan 2019 23:23:55 GMT
GET /products/1/edit Wed, 30 Jan 2019 23:23:55 GMT
GET /products/2/edit Wed, 30 Jan 2019 23:23:55 GMT
POST /products Wed, 30 Jan 2019 23:23:55 GMT
GET /products Wed, 30 Jan 2019 23:24:32 GMT
GET /products/new Wed, 30 Jan 2019 23:24:32 GMT
GET /products/1 Wed, 30 Jan 2019 23:24:32 GMT
GET /products/5 Wed, 30 Jan 2019 23:24:32 GMT
GET /products/1/edit Wed, 30 Jan 2019 23:24:32 GMT
GET /products/2/edit Wed, 30 Jan 2019 23:24:32 GMT
POST /products Wed, 30 Jan 2019 23:24:32 GMT
GET /products Wed, 30 Jan 2019 23:25:07 GMT
GET /products/new Wed, 30 Jan 2019 23:25:07 GMT
GET /products/1 Wed, 30 Jan 2019 23:25:07 GMT
GET /products/5 Wed, 30 Jan 2019 23:25:07 GMT
GET /products/1/edit Wed, 30 Jan 2019 23:25:07 GMT
GET /products/2/edit Wed, 30 Jan 2019 23:25:07 GMT
POST /products Wed, 30 Jan 2019 23:25:07 GMT
GET /products Wed, 30 Jan 2019 23:25:17 GMT
GET /products/new Wed, 30 Jan 2019 23:25:17 GMT
GET /products/1 Wed, 30 Jan 2019 23:25:17 GMT
GET /products/5 Wed, 30 Jan 2019 23:25:17 GMT
GET /products/1/edit Wed, 30 Jan 2019 23:25:17 GMT
GET /products/2/edit Wed, 30 Jan 2019 23:25:17 GMT
POST /products Wed, 30 Jan 2019 23:25:17 GMT
GET /products Wed, 30 Jan 2019 23:29:38 GMT
GET /products/new Wed, 30 Jan 2019 23:29:38 GMT
GET /products/1 Wed, 30 Jan 2019 23:29:38 GMT
GET /products/5 Wed, 30 Jan 2019 23:29:38 GMT
GET /products/1/edit Wed, 30 Jan 2019 23:29:38 GMT
GET /products/2/edit Wed, 30 Jan 2019 23:29:38 GMT
POST /products Wed, 30 Jan 2019 23:29:38 GMT
GET /products Wed, 30 Jan 2019 23:29:55 GMT
GET /products/new Wed, 30 Jan 2019 23:29:55 GMT
GET /products/1 Wed, 30 Jan 2019 23:29:55 GMT
GET /products/5 Wed, 30 Jan 2019 23:29:55 GMT
GET /products/1/edit Wed, 30 Jan 2019 23:29:55 GMT
GET /products/2/edit Wed, 30 Jan 2019 23:29:55 GMT
POST /products Wed, 30 Jan 2019 23:29:55 GMT
POST /products Wed, 30 Jan 2019 23:29:55 GMT
GET /products Wed, 30 Jan 2019 23:30:46 GMT
GET /products/new Wed, 30 Jan 2019 23:30:46 GMT
GET /products/1 Wed, 30 Jan 2019 23:30:46 GMT
GET /products/5 Wed, 30 Jan 2019 23:30:46 GMT
GET /products/1/edit Wed, 30 Jan 2019 23:30:46 GMT
GET /products/2/edit Wed, 30 Jan 2019 23:30:46 GMT
POST /products Wed, 30 Jan 2019 23:30:46 GMT
POST /products Wed, 30 Jan 2019 23:30:46 GMT
GET /products Wed, 30 Jan 2019 23:33:42 GMT
GET /products/new Wed, 30 Jan 2019 23:33:42 GMT
GET /products/1 Wed, 30 Jan 2019 23:33:42 GMT
GET /products/5 Wed, 30 Jan 2019 23:33:42 GMT
GET /products/1/edit Wed, 30 Jan 2019 23:33:42 GMT
GET /products/2/edit Wed, 30 Jan 2019 23:33:42 GMT
POST /products Wed, 30 Jan 2019 23:33:42 GMT
POST /products Wed, 30 Jan 2019 23:33:42 GMT
POST /products Wed, 30 Jan 2019 23:33:42 GMT
GET /products Wed, 30 Jan 2019 23:34:11 GMT
GET /products/new Wed, 30 Jan 2019 23:34:11 GMT
GET /products/1 Wed, 30 Jan 2019 23:34:11 GMT
GET /products/5 Wed, 30 Jan 2019 23:34:11 GMT
GET /products/1/edit Wed, 30 Jan 2019 23:34:11 GMT
GET /products/2/edit Wed, 30 Jan 2019 23:34:11 GMT
POST /products Wed, 30 Jan 2019 23:34:11 GMT
POST /products Wed, 30 Jan 2019 23:34:11 GMT
POST /products Wed, 30 Jan 2019 23:34:11 GMT
GET /products Wed, 30 Jan 2019 23:43:12 GMT
GET /products/new Wed, 30 Jan 2019 23:43:12 GMT
GET /products/1 Wed, 30 Jan 2019 23:43:12 GMT
GET /products/5 Wed, 30 Jan 2019 23:43:12 GMT
GET /products/1/edit Wed, 30 Jan 2019 23:43:12 GMT
GET /products/2/edit Wed, 30 Jan 2019 23:43:12 GMT
POST /products Wed, 30 Jan 2019 23:43:12 GMT
POST /products Wed, 30 Jan 2019 23:43:12 GMT
POST /products Wed, 30 Jan 2019 23:43:12 GMT
GET /products Thu, 31 Jan 2019 00:04:56 GMT
GET /products/new Thu, 31 Jan 2019 00:04:56 GMT
GET /products/1 Thu, 31 Jan 2019 00:04:56 GMT
GET /products/5 Thu, 31 Jan 2019 00:04:56 GMT
GET /products/1/edit Thu, 31 Jan 2019 00:04:56 GMT
GET /products/2/edit Thu, 31 Jan 2019 00:04:56 GMT
POST /products Thu, 31 Jan 2019 00:04:56 GMT
POST /products Thu, 31 Jan 2019 00:04:56 GMT
POST /products Thu, 31 Jan 2019 00:04:56 GMT
PUT /products/1 Thu, 31 Jan 2019 00:04:56 GMT
GET /products Thu, 31 Jan 2019 00:05:06 GMT
GET /products/new Thu, 31 Jan 2019 00:05:06 GMT
GET /products/1 Thu, 31 Jan 2019 00:05:06 GMT
GET /products/5 Thu, 31 Jan 2019 00:05:06 GMT
GET /products/1/edit Thu, 31 Jan 2019 00:05:06 GMT
GET /products/2/edit Thu, 31 Jan 2019 00:05:06 GMT
POST /products Thu, 31 Jan 2019 00:05:06 GMT
POST /products Thu, 31 Jan 2019 00:05:06 GMT
POST /products Thu, 31 Jan 2019 00:05:06 GMT
PUT /products/1 Thu, 31 Jan 2019 00:05:06 GMT
GET /products Thu, 31 Jan 2019 00:07:50 GMT
GET /products/new Thu, 31 Jan 2019 00:07:50 GMT
GET /products/1 Thu, 31 Jan 2019 00:07:50 GMT
GET /products/5 Thu, 31 Jan 2019 00:07:50 GMT
GET /products/1/edit Thu, 31 Jan 2019 00:07:50 GMT
GET /products/2/edit Thu, 31 Jan 2019 00:07:50 GMT
POST /products Thu, 31 Jan 2019 00:07:50 GMT
POST /products Thu, 31 Jan 2019 00:07:50 GMT
POST /products Thu, 31 Jan 2019 00:07:50 GMT
PUT /products/1 Thu, 31 Jan 2019 00:07:50 GMT
GET /products Thu, 31 Jan 2019 00:18:07 GMT
GET /products/new Thu, 31 Jan 2019 00:18:07 GMT
GET /products/1 Thu, 31 Jan 2019 00:18:07 GMT
GET /products/5 Thu, 31 Jan 2019 00:18:07 GMT
GET /products/1/edit Thu, 31 Jan 2019 00:18:07 GMT
GET /products/2/edit Thu, 31 Jan 2019 00:18:07 GMT
POST /products Thu, 31 Jan 2019 00:18:07 GMT
POST /products Thu, 31 Jan 2019 00:18:07 GMT
POST /products Thu, 31 Jan 2019 00:18:07 GMT
PUT /products/1 Thu, 31 Jan 2019 00:18:07 GMT
PUT /products/4 Thu, 31 Jan 2019 00:18:07 GMT
GET / Thu, 31 Jan 2019 00:20:15 GMT
GET /products Thu, 31 Jan 2019 00:20:36 GMT
GET /products/new Thu, 31 Jan 2019 00:20:40 GMT
GET /products/3/edit Thu, 31 Jan 2019 00:20:47 GMT
GET /products Thu, 31 Jan 2019 00:21:24 GMT
GET /products/new Thu, 31 Jan 2019 00:21:24 GMT
GET /products/1 Thu, 31 Jan 2019 00:21:24 GMT
GET /products/5 Thu, 31 Jan 2019 00:21:24 GMT
GET /products/1/edit Thu, 31 Jan 2019 00:21:24 GMT
GET /products/2/edit Thu, 31 Jan 2019 00:21:24 GMT
POST /products Thu, 31 Jan 2019 00:21:24 GMT
POST /products Thu, 31 Jan 2019 00:21:24 GMT
POST /products Thu, 31 Jan 2019 00:21:24 GMT
PUT /products/1 Thu, 31 Jan 2019 00:21:24 GMT
PUT /products/4/edit Thu, 31 Jan 2019 00:21:24 GMT
GET /products Thu, 31 Jan 2019 00:25:30 GMT
GET /products/new Thu, 31 Jan 2019 00:25:30 GMT
GET /products/1 Thu, 31 Jan 2019 00:25:30 GMT
GET /products/5 Thu, 31 Jan 2019 00:25:30 GMT
GET /products/1/edit Thu, 31 Jan 2019 00:25:30 GMT
GET /products/2/edit Thu, 31 Jan 2019 00:25:30 GMT
POST /products Thu, 31 Jan 2019 00:25:30 GMT
POST /products Thu, 31 Jan 2019 00:25:30 GMT
POST /products Thu, 31 Jan 2019 00:25:30 GMT
PUT /products/1 Thu, 31 Jan 2019 00:25:30 GMT
PUT /products/4/edit Thu, 31 Jan 2019 00:25:30 GMT
GET /products Thu, 31 Jan 2019 00:31:21 GMT
GET /products/new Thu, 31 Jan 2019 00:31:21 GMT
GET /products/1 Thu, 31 Jan 2019 00:31:21 GMT
GET /products/5 Thu, 31 Jan 2019 00:31:21 GMT
GET /products/1/edit Thu, 31 Jan 2019 00:31:21 GMT
GET /products/2/edit Thu, 31 Jan 2019 00:31:21 GMT
POST /products Thu, 31 Jan 2019 00:31:21 GMT
POST /products Thu, 31 Jan 2019 00:31:21 GMT
POST /products Thu, 31 Jan 2019 00:31:21 GMT
PUT /products/1 Thu, 31 Jan 2019 00:31:21 GMT
PUT /products/4 Thu, 31 Jan 2019 00:31:21 GMT
GET /products Thu, 31 Jan 2019 00:34:28 GMT
GET /products/new Thu, 31 Jan 2019 00:34:28 GMT
GET /products/1 Thu, 31 Jan 2019 00:34:28 GMT
GET /products/5 Thu, 31 Jan 2019 00:34:28 GMT
GET /products/1/edit Thu, 31 Jan 2019 00:34:28 GMT
GET /products/2/edit Thu, 31 Jan 2019 00:34:28 GMT
POST /products Thu, 31 Jan 2019 00:34:28 GMT
POST /products Thu, 31 Jan 2019 00:34:28 GMT
POST /products Thu, 31 Jan 2019 00:34:28 GMT
PUT /products/1 Thu, 31 Jan 2019 00:34:28 GMT
PUT /products/4 Thu, 31 Jan 2019 00:34:28 GMT
GET /products Thu, 31 Jan 2019 01:19:48 GMT
GET /products/new Thu, 31 Jan 2019 01:19:48 GMT
GET /products/1 Thu, 31 Jan 2019 01:19:48 GMT
GET /products/5 Thu, 31 Jan 2019 01:19:48 GMT
GET /products/1/edit Thu, 31 Jan 2019 01:19:48 GMT
GET /products/2/edit Thu, 31 Jan 2019 01:19:48 GMT
POST /products Thu, 31 Jan 2019 01:19:48 GMT
POST /products Thu, 31 Jan 2019 01:19:48 GMT
POST /products Thu, 31 Jan 2019 01:19:48 GMT
PUT /products/1 Thu, 31 Jan 2019 01:19:48 GMT
PUT /products/4 Thu, 31 Jan 2019 01:19:48 GMT
GET /products Thu, 31 Jan 2019 01:22:05 GMT
GET /products/new Thu, 31 Jan 2019 01:22:05 GMT
GET /products/1 Thu, 31 Jan 2019 01:22:05 GMT
GET /products/5 Thu, 31 Jan 2019 01:22:05 GMT
GET /products/1/edit Thu, 31 Jan 2019 01:22:05 GMT
GET /products/2/edit Thu, 31 Jan 2019 01:22:05 GMT
POST /products Thu, 31 Jan 2019 01:22:05 GMT
POST /products Thu, 31 Jan 2019 01:22:05 GMT
POST /products Thu, 31 Jan 2019 01:22:05 GMT
PUT /products/1 Thu, 31 Jan 2019 01:22:05 GMT
PUT /products/4 Thu, 31 Jan 2019 01:22:05 GMT
GET /products Thu, 31 Jan 2019 01:23:07 GMT
GET /products/new Thu, 31 Jan 2019 01:23:07 GMT
GET /products/1 Thu, 31 Jan 2019 01:23:07 GMT
GET /products/5 Thu, 31 Jan 2019 01:23:07 GMT
GET /products/1/edit Thu, 31 Jan 2019 01:23:07 GMT
GET /products/2/edit Thu, 31 Jan 2019 01:23:07 GMT
POST /products Thu, 31 Jan 2019 01:23:07 GMT
POST /products Thu, 31 Jan 2019 01:23:07 GMT
POST /products Thu, 31 Jan 2019 01:23:07 GMT
PUT /products/1 Thu, 31 Jan 2019 01:23:07 GMT
PUT /products/4 Thu, 31 Jan 2019 01:23:07 GMT
GET /products Thu, 31 Jan 2019 01:26:43 GMT
GET /products/new Thu, 31 Jan 2019 01:26:43 GMT
GET /products/1 Thu, 31 Jan 2019 01:26:43 GMT
GET /products/5 Thu, 31 Jan 2019 01:26:43 GMT
GET /products/1/edit Thu, 31 Jan 2019 01:26:43 GMT
GET /products/2/edit Thu, 31 Jan 2019 01:26:43 GMT
POST /products Thu, 31 Jan 2019 01:26:43 GMT
POST /products Thu, 31 Jan 2019 01:26:43 GMT
POST /products Thu, 31 Jan 2019 01:26:43 GMT
PUT /products/1 Thu, 31 Jan 2019 01:26:43 GMT
PUT /products/4 Thu, 31 Jan 2019 01:26:43 GMT
GET /products Thu, 31 Jan 2019 01:28:26 GMT
GET /products/new Thu, 31 Jan 2019 01:28:26 GMT
GET /products/1 Thu, 31 Jan 2019 01:28:26 GMT
GET /products/5 Thu, 31 Jan 2019 01:28:26 GMT
GET /products/1/edit Thu, 31 Jan 2019 01:28:26 GMT
GET /products/2/edit Thu, 31 Jan 2019 01:28:26 GMT
POST /products Thu, 31 Jan 2019 01:28:26 GMT
POST /products Thu, 31 Jan 2019 01:28:26 GMT
POST /products Thu, 31 Jan 2019 01:28:26 GMT
PUT /products/1 Thu, 31 Jan 2019 01:28:26 GMT
PUT /products/4 Thu, 31 Jan 2019 01:28:26 GMT
GET /products Thu, 31 Jan 2019 01:30:37 GMT
GET /products/new Thu, 31 Jan 2019 01:30:37 GMT
GET /products/1 Thu, 31 Jan 2019 01:30:37 GMT
GET /products/5 Thu, 31 Jan 2019 01:30:37 GMT
GET /products/1/edit Thu, 31 Jan 2019 01:30:37 GMT
GET /products/2/edit Thu, 31 Jan 2019 01:30:37 GMT
POST /products Thu, 31 Jan 2019 01:30:37 GMT
POST /products Thu, 31 Jan 2019 01:30:37 GMT
POST /products Thu, 31 Jan 2019 01:30:37 GMT
PUT /products/1 Thu, 31 Jan 2019 01:30:37 GMT
PUT /products/4 Thu, 31 Jan 2019 01:30:37 GMT
GET /products Thu, 31 Jan 2019 01:30:49 GMT
GET /products/new Thu, 31 Jan 2019 01:30:49 GMT
GET /products/1 Thu, 31 Jan 2019 01:30:49 GMT
GET /products/5 Thu, 31 Jan 2019 01:30:49 GMT
GET /products/1/edit Thu, 31 Jan 2019 01:30:49 GMT
GET /products/2/edit Thu, 31 Jan 2019 01:30:49 GMT
POST /products Thu, 31 Jan 2019 01:30:49 GMT
POST /products Thu, 31 Jan 2019 01:30:49 GMT
POST /products Thu, 31 Jan 2019 01:30:49 GMT
PUT /products/1 Thu, 31 Jan 2019 01:30:49 GMT
PUT /products/4 Thu, 31 Jan 2019 01:30:49 GMT
GET /products Thu, 31 Jan 2019 01:31:40 GMT
GET /products/new Thu, 31 Jan 2019 01:31:40 GMT
GET /products/1 Thu, 31 Jan 2019 01:31:40 GMT
GET /products/5 Thu, 31 Jan 2019 01:31:40 GMT
GET /products/1/edit Thu, 31 Jan 2019 01:31:40 GMT
GET /products/2/edit Thu, 31 Jan 2019 01:31:40 GMT
POST /products Thu, 31 Jan 2019 01:31:40 GMT
POST /products Thu, 31 Jan 2019 01:31:40 GMT
POST /products Thu, 31 Jan 2019 01:31:40 GMT
PUT /products/1 Thu, 31 Jan 2019 01:31:40 GMT
PUT /products/4 Thu, 31 Jan 2019 01:31:40 GMT
GET /products Thu, 31 Jan 2019 01:33:15 GMT
GET /products/new Thu, 31 Jan 2019 01:33:15 GMT
GET /products/1 Thu, 31 Jan 2019 01:33:15 GMT
GET /products/5 Thu, 31 Jan 2019 01:33:15 GMT
GET /products/1/edit Thu, 31 Jan 2019 01:33:15 GMT
GET /products/2/edit Thu, 31 Jan 2019 01:33:15 GMT
POST /products Thu, 31 Jan 2019 01:33:15 GMT
POST /products Thu, 31 Jan 2019 01:33:15 GMT
POST /products Thu, 31 Jan 2019 01:33:15 GMT
PUT /products/1 Thu, 31 Jan 2019 01:33:15 GMT
PUT /products/4 Thu, 31 Jan 2019 01:33:15 GMT
PUT /products/1 Thu, 31 Jan 2019 01:33:15 GMT
GET /products Thu, 31 Jan 2019 01:34:01 GMT
GET /products/new Thu, 31 Jan 2019 01:34:01 GMT
GET /products/1 Thu, 31 Jan 2019 01:34:01 GMT
GET /products/5 Thu, 31 Jan 2019 01:34:01 GMT
GET /products/1/edit Thu, 31 Jan 2019 01:34:01 GMT
GET /products/2/edit Thu, 31 Jan 2019 01:34:01 GMT
POST /products Thu, 31 Jan 2019 01:34:01 GMT
POST /products Thu, 31 Jan 2019 01:34:01 GMT
POST /products Thu, 31 Jan 2019 01:34:01 GMT
PUT /products/1 Thu, 31 Jan 2019 01:34:01 GMT
PUT /products/4 Thu, 31 Jan 2019 01:34:01 GMT
PUT /products/1 Thu, 31 Jan 2019 01:34:01 GMT
GET /products Thu, 31 Jan 2019 01:38:10 GMT
GET /products/new Thu, 31 Jan 2019 01:38:10 GMT
GET /products/1 Thu, 31 Jan 2019 01:38:10 GMT
GET /products/5 Thu, 31 Jan 2019 01:38:10 GMT
GET /products/1/edit Thu, 31 Jan 2019 01:38:10 GMT
GET /products/2/edit Thu, 31 Jan 2019 01:38:10 GMT
POST /products Thu, 31 Jan 2019 01:38:10 GMT
POST /products Thu, 31 Jan 2019 01:38:10 GMT
POST /products Thu, 31 Jan 2019 01:38:10 GMT
PUT /products/1 Thu, 31 Jan 2019 01:38:10 GMT
PUT /products/4 Thu, 31 Jan 2019 01:38:10 GMT
PUT /products/1 Thu, 31 Jan 2019 01:38:10 GMT
GET /products Thu, 31 Jan 2019 01:48:46 GMT
GET /products/new Thu, 31 Jan 2019 01:48:46 GMT
GET /products/1 Thu, 31 Jan 2019 01:48:46 GMT
GET /products/5 Thu, 31 Jan 2019 01:48:46 GMT
GET /products/1/edit Thu, 31 Jan 2019 01:48:46 GMT
GET /products/2/edit Thu, 31 Jan 2019 01:48:46 GMT
POST /products Thu, 31 Jan 2019 01:48:46 GMT
POST /products Thu, 31 Jan 2019 01:48:46 GMT
POST /products Thu, 31 Jan 2019 01:48:46 GMT
PUT /products/1 Thu, 31 Jan 2019 01:48:46 GMT
PUT /products/4 Thu, 31 Jan 2019 01:48:46 GMT
PUT /products/1 Thu, 31 Jan 2019 01:48:46 GMT
DELETE /products/1 Thu, 31 Jan 2019 01:48:46 GMT
GET /products Thu, 31 Jan 2019 01:49:18 GMT
GET /products/new Thu, 31 Jan 2019 01:49:18 GMT
GET /products/1 Thu, 31 Jan 2019 01:49:18 GMT
GET /products/2/edit Thu, 31 Jan 2019 01:49:18 GMT
GET /products/1/edit Thu, 31 Jan 2019 01:49:18 GMT
GET /products/5 Thu, 31 Jan 2019 01:49:18 GMT
POST /products Thu, 31 Jan 2019 01:49:18 GMT
POST /products Thu, 31 Jan 2019 01:49:18 GMT
POST /products Thu, 31 Jan 2019 01:49:18 GMT
PUT /products/1 Thu, 31 Jan 2019 01:49:18 GMT
PUT /products/4 Thu, 31 Jan 2019 01:49:18 GMT
PUT /products/1 Thu, 31 Jan 2019 01:49:18 GMT
DELETE /products/1 Thu, 31 Jan 2019 01:49:18 GMT
GET /products Thu, 31 Jan 2019 02:09:04 GMT
GET /products/new Thu, 31 Jan 2019 02:09:04 GMT
GET /products/1 Thu, 31 Jan 2019 02:09:04 GMT
GET /products/5 Thu, 31 Jan 2019 02:09:04 GMT
GET /products/1/edit Thu, 31 Jan 2019 02:09:04 GMT
GET /products/2/edit Thu, 31 Jan 2019 02:09:04 GMT
POST /products Thu, 31 Jan 2019 02:09:04 GMT
POST /products Thu, 31 Jan 2019 02:09:04 GMT
POST /products Thu, 31 Jan 2019 02:09:04 GMT
PUT /products/1 Thu, 31 Jan 2019 02:09:04 GMT
PUT /products/4 Thu, 31 Jan 2019 02:09:04 GMT
PUT /products/1 Thu, 31 Jan 2019 02:09:04 GMT
DELETE /products/1 Thu, 31 Jan 2019 02:09:04 GMT
GET /products Thu, 31 Jan 2019 02:10:41 GMT
GET /products/new Thu, 31 Jan 2019 02:10:41 GMT
GET /products/1 Thu, 31 Jan 2019 02:10:41 GMT
GET /products/5 Thu, 31 Jan 2019 02:10:41 GMT
GET /products/1/edit Thu, 31 Jan 2019 02:10:41 GMT
GET /products/2/edit Thu, 31 Jan 2019 02:10:41 GMT
POST /products Thu, 31 Jan 2019 02:10:41 GMT
POST /products Thu, 31 Jan 2019 02:10:41 GMT
POST /products Thu, 31 Jan 2019 02:10:41 GMT
PUT /products/1 Thu, 31 Jan 2019 02:10:41 GMT
PUT /products/4 Thu, 31 Jan 2019 02:10:41 GMT
PUT /products/1 Thu, 31 Jan 2019 02:10:41 GMT
DELETE /products/1 Thu, 31 Jan 2019 02:10:41 GMT
GET /products Thu, 31 Jan 2019 02:11:59 GMT
GET /products/new Thu, 31 Jan 2019 02:11:59 GMT
GET /products/1 Thu, 31 Jan 2019 02:11:59 GMT
GET /products/5 Thu, 31 Jan 2019 02:11:59 GMT
GET /products/1/edit Thu, 31 Jan 2019 02:11:59 GMT
GET /products/2/edit Thu, 31 Jan 2019 02:11:59 GMT
POST /products Thu, 31 Jan 2019 02:11:59 GMT
POST /products Thu, 31 Jan 2019 02:11:59 GMT
POST /products Thu, 31 Jan 2019 02:11:59 GMT
PUT /products/1 Thu, 31 Jan 2019 02:11:59 GMT
PUT /products/4 Thu, 31 Jan 2019 02:11:59 GMT
PUT /products/1 Thu, 31 Jan 2019 02:11:59 GMT
DELETE /products/1 Thu, 31 Jan 2019 02:11:59 GMT
DELETE /products/4 Thu, 31 Jan 2019 02:11:59 GMT
GET /products Thu, 31 Jan 2019 02:50:42 GMT
GET /products/new Thu, 31 Jan 2019 02:50:42 GMT
GET /products/1 Thu, 31 Jan 2019 02:50:42 GMT
GET /products/5 Thu, 31 Jan 2019 02:50:42 GMT
GET /products/1/edit Thu, 31 Jan 2019 02:50:42 GMT
GET /products/2/edit Thu, 31 Jan 2019 02:50:42 GMT
POST /products Thu, 31 Jan 2019 02:50:42 GMT
POST /products Thu, 31 Jan 2019 02:50:42 GMT
POST /products Thu, 31 Jan 2019 02:50:42 GMT
PUT /products/1 Thu, 31 Jan 2019 02:50:42 GMT
PUT /products/4 Thu, 31 Jan 2019 02:50:42 GMT
PUT /products/1 Thu, 31 Jan 2019 02:50:42 GMT
DELETE /products/1 Thu, 31 Jan 2019 02:50:42 GMT
DELETE /products/4 Thu, 31 Jan 2019 02:50:42 GMT
GET /articles Thu, 31 Jan 2019 02:50:42 GMT
GET /articles/new Thu, 31 Jan 2019 02:50:42 GMT
GET /articles/1 Thu, 31 Jan 2019 02:50:42 GMT
GET /products Thu, 31 Jan 2019 02:51:39 GMT
GET /products/new Thu, 31 Jan 2019 02:51:39 GMT
GET /products/1 Thu, 31 Jan 2019 02:51:39 GMT
GET /products/5 Thu, 31 Jan 2019 02:51:39 GMT
GET /products/1/edit Thu, 31 Jan 2019 02:51:39 GMT
GET /products/2/edit Thu, 31 Jan 2019 02:51:39 GMT
POST /products Thu, 31 Jan 2019 02:51:39 GMT
POST /products Thu, 31 Jan 2019 02:51:39 GMT
POST /products Thu, 31 Jan 2019 02:51:39 GMT
PUT /products/1 Thu, 31 Jan 2019 02:51:39 GMT
PUT /products/4 Thu, 31 Jan 2019 02:51:39 GMT
PUT /products/1 Thu, 31 Jan 2019 02:51:39 GMT
DELETE /products/1 Thu, 31 Jan 2019 02:51:39 GMT
DELETE /products/4 Thu, 31 Jan 2019 02:51:39 GMT
GET /articles Thu, 31 Jan 2019 02:51:39 GMT
GET /articles/new Thu, 31 Jan 2019 02:51:39 GMT
GET /articles/myswedish-madepenisenlargerandme Thu, 31 Jan 2019 02:51:39 GMT
GET /products Thu, 31 Jan 2019 08:12:09 GMT
GET /products/new Thu, 31 Jan 2019 08:12:09 GMT
GET /products/1 Thu, 31 Jan 2019 08:12:09 GMT
GET /products/5 Thu, 31 Jan 2019 08:12:09 GMT
GET /products/1/edit Thu, 31 Jan 2019 08:12:09 GMT
GET /products/2/edit Thu, 31 Jan 2019 08:12:09 GMT
POST /products Thu, 31 Jan 2019 08:12:09 GMT
POST /products Thu, 31 Jan 2019 08:12:09 GMT
POST /products Thu, 31 Jan 2019 08:12:09 GMT
PUT /products/1 Thu, 31 Jan 2019 08:12:09 GMT
PUT /products/4 Thu, 31 Jan 2019 08:12:09 GMT
PUT /products/1 Thu, 31 Jan 2019 08:12:09 GMT
DELETE /products/1 Thu, 31 Jan 2019 08:12:09 GMT
DELETE /products/4 Thu, 31 Jan 2019 08:12:09 GMT
GET /articles Thu, 31 Jan 2019 08:12:09 GMT
GET /articles/new Thu, 31 Jan 2019 08:12:09 GMT
GET /articles/myswedish-madepenisenlargerandme Thu, 31 Jan 2019 08:12:09 GMT
GET /articles/shakespeare Thu, 31 Jan 2019 08:12:09 GMT
GET /articles/myswedish-madepenisenlargerandme/edit Thu, 31 Jan 2019 08:12:09 GMT
GET /products Thu, 31 Jan 2019 08:13:55 GMT
GET /products/new Thu, 31 Jan 2019 08:13:55 GMT
GET /products/1 Thu, 31 Jan 2019 08:13:55 GMT
GET /products/5 Thu, 31 Jan 2019 08:13:55 GMT
GET /products/1/edit Thu, 31 Jan 2019 08:13:55 GMT
GET /products/2/edit Thu, 31 Jan 2019 08:13:55 GMT
POST /products Thu, 31 Jan 2019 08:13:55 GMT
POST /products Thu, 31 Jan 2019 08:13:55 GMT
POST /products Thu, 31 Jan 2019 08:13:55 GMT
PUT /products/1 Thu, 31 Jan 2019 08:13:55 GMT
PUT /products/4 Thu, 31 Jan 2019 08:13:55 GMT
PUT /products/1 Thu, 31 Jan 2019 08:13:55 GMT
DELETE /products/1 Thu, 31 Jan 2019 08:13:55 GMT
DELETE /products/4 Thu, 31 Jan 2019 08:13:55 GMT
GET /articles Thu, 31 Jan 2019 08:13:55 GMT
GET /articles/new Thu, 31 Jan 2019 08:13:55 GMT
GET /articles/myswedish-madepenisenlargerandme Thu, 31 Jan 2019 08:13:55 GMT
GET /articles/shakespeare Thu, 31 Jan 2019 08:13:55 GMT
GET /articles/myswedish-madepenisenlargerandme/edit Thu, 31 Jan 2019 08:13:55 GMT
GET /articles/shakespeare/edit Thu, 31 Jan 2019 08:13:55 GMT
GET /products Thu, 31 Jan 2019 08:14:33 GMT
GET /products/new Thu, 31 Jan 2019 08:14:33 GMT
GET /products/1 Thu, 31 Jan 2019 08:14:33 GMT
GET /products/5 Thu, 31 Jan 2019 08:14:33 GMT
GET /products/1/edit Thu, 31 Jan 2019 08:14:33 GMT
GET /products/2/edit Thu, 31 Jan 2019 08:14:33 GMT
POST /products Thu, 31 Jan 2019 08:14:34 GMT
POST /products Thu, 31 Jan 2019 08:14:34 GMT
POST /products Thu, 31 Jan 2019 08:14:34 GMT
PUT /products/1 Thu, 31 Jan 2019 08:14:34 GMT
PUT /products/4 Thu, 31 Jan 2019 08:14:34 GMT
PUT /products/1 Thu, 31 Jan 2019 08:14:34 GMT
DELETE /products/1 Thu, 31 Jan 2019 08:14:34 GMT
DELETE /products/4 Thu, 31 Jan 2019 08:14:34 GMT
GET /articles Thu, 31 Jan 2019 08:14:34 GMT
GET /articles/new Thu, 31 Jan 2019 08:14:34 GMT
GET /articles/myswedish-madepenisenlargerandme Thu, 31 Jan 2019 08:14:34 GMT
GET /articles/shakespeare Thu, 31 Jan 2019 08:14:34 GMT
GET /articles/myswedish-madepenisenlargerandme/edit Thu, 31 Jan 2019 08:14:34 GMT
GET /articles/shakespeare/edit Thu, 31 Jan 2019 08:14:34 GMT
GET /products Thu, 31 Jan 2019 08:18:36 GMT
GET /products/new Thu, 31 Jan 2019 08:18:36 GMT
GET /products/1 Thu, 31 Jan 2019 08:18:36 GMT
GET /products/5 Thu, 31 Jan 2019 08:18:36 GMT
GET /products/1/edit Thu, 31 Jan 2019 08:18:36 GMT
GET /products/2/edit Thu, 31 Jan 2019 08:18:36 GMT
POST /products Thu, 31 Jan 2019 08:18:36 GMT
POST /products Thu, 31 Jan 2019 08:18:36 GMT
POST /products Thu, 31 Jan 2019 08:18:36 GMT
PUT /products/1 Thu, 31 Jan 2019 08:18:36 GMT
PUT /products/4 Thu, 31 Jan 2019 08:18:36 GMT
PUT /products/1 Thu, 31 Jan 2019 08:18:36 GMT
DELETE /products/1 Thu, 31 Jan 2019 08:18:36 GMT
DELETE /products/4 Thu, 31 Jan 2019 08:18:36 GMT
GET /articles Thu, 31 Jan 2019 08:18:36 GMT
GET /articles/new Thu, 31 Jan 2019 08:18:36 GMT
GET /articles/myswedish-madepenisenlargerandme Thu, 31 Jan 2019 08:18:36 GMT
GET /articles/shakespeare Thu, 31 Jan 2019 08:18:36 GMT
GET /articles/myswedish-madepenisenlargerandme/edit Thu, 31 Jan 2019 08:18:36 GMT
GET /articles/shakespeare/edit Thu, 31 Jan 2019 08:18:36 GMT
POST /articles Thu, 31 Jan 2019 08:18:36 GMT
POST /articles Thu, 31 Jan 2019 08:18:36 GMT
GET /products Thu, 31 Jan 2019 08:22:45 GMT
GET /products/new Thu, 31 Jan 2019 08:22:45 GMT
GET /products/1 Thu, 31 Jan 2019 08:22:45 GMT
GET /products/5 Thu, 31 Jan 2019 08:22:45 GMT
GET /products/1/edit Thu, 31 Jan 2019 08:22:45 GMT
GET /products/2/edit Thu, 31 Jan 2019 08:22:45 GMT
POST /products Thu, 31 Jan 2019 08:22:45 GMT
POST /products Thu, 31 Jan 2019 08:22:45 GMT
POST /products Thu, 31 Jan 2019 08:22:45 GMT
PUT /products/1 Thu, 31 Jan 2019 08:22:45 GMT
PUT /products/4 Thu, 31 Jan 2019 08:22:45 GMT
PUT /products/1 Thu, 31 Jan 2019 08:22:45 GMT
DELETE /products/1 Thu, 31 Jan 2019 08:22:45 GMT
DELETE /products/4 Thu, 31 Jan 2019 08:22:45 GMT
GET /articles Thu, 31 Jan 2019 08:22:45 GMT
GET /articles/new Thu, 31 Jan 2019 08:22:45 GMT
GET /articles/myswedish-madepenisenlargerandme Thu, 31 Jan 2019 08:22:45 GMT
GET /articles/shakespeare Thu, 31 Jan 2019 08:22:45 GMT
GET /articles/myswedish-madepenisenlargerandme/edit Thu, 31 Jan 2019 08:22:45 GMT
GET /articles/shakespeare/edit Thu, 31 Jan 2019 08:22:45 GMT
POST /articles Thu, 31 Jan 2019 08:22:45 GMT
POST /articles Thu, 31 Jan 2019 08:22:45 GMT
GET /products Thu, 31 Jan 2019 08:22:47 GMT
GET /products/new Thu, 31 Jan 2019 08:22:47 GMT
GET /products/1 Thu, 31 Jan 2019 08:22:47 GMT
GET /products/5 Thu, 31 Jan 2019 08:22:47 GMT
GET /products/1/edit Thu, 31 Jan 2019 08:22:47 GMT
GET /products/2/edit Thu, 31 Jan 2019 08:22:47 GMT
POST /products Thu, 31 Jan 2019 08:22:47 GMT
POST /products Thu, 31 Jan 2019 08:22:47 GMT
POST /products Thu, 31 Jan 2019 08:22:47 GMT
PUT /products/1 Thu, 31 Jan 2019 08:22:47 GMT
PUT /products/4 Thu, 31 Jan 2019 08:22:47 GMT
PUT /products/1 Thu, 31 Jan 2019 08:22:47 GMT
DELETE /products/1 Thu, 31 Jan 2019 08:22:47 GMT
DELETE /products/4 Thu, 31 Jan 2019 08:22:47 GMT
GET /articles Thu, 31 Jan 2019 08:22:47 GMT
GET /articles/new Thu, 31 Jan 2019 08:22:47 GMT
GET /articles/myswedish-madepenisenlargerandme Thu, 31 Jan 2019 08:22:47 GMT
GET /articles/shakespeare Thu, 31 Jan 2019 08:22:47 GMT
GET /articles/myswedish-madepenisenlargerandme/edit Thu, 31 Jan 2019 08:22:47 GMT
GET /articles/shakespeare/edit Thu, 31 Jan 2019 08:22:47 GMT
POST /articles Thu, 31 Jan 2019 08:22:47 GMT
POST /articles Thu, 31 Jan 2019 08:22:47 GMT
GET /products Thu, 31 Jan 2019 08:23:04 GMT
GET /products/new Thu, 31 Jan 2019 08:23:04 GMT
GET /products/1 Thu, 31 Jan 2019 08:23:04 GMT
GET /products/5 Thu, 31 Jan 2019 08:23:04 GMT
GET /products/1/edit Thu, 31 Jan 2019 08:23:04 GMT
GET /products/2/edit Thu, 31 Jan 2019 08:23:04 GMT
POST /products Thu, 31 Jan 2019 08:23:04 GMT
POST /products Thu, 31 Jan 2019 08:23:04 GMT
POST /products Thu, 31 Jan 2019 08:23:04 GMT
PUT /products/1 Thu, 31 Jan 2019 08:23:04 GMT
PUT /products/4 Thu, 31 Jan 2019 08:23:04 GMT
PUT /products/1 Thu, 31 Jan 2019 08:23:04 GMT
DELETE /products/1 Thu, 31 Jan 2019 08:23:04 GMT
DELETE /products/4 Thu, 31 Jan 2019 08:23:04 GMT
GET /articles Thu, 31 Jan 2019 08:23:04 GMT
GET /articles/new Thu, 31 Jan 2019 08:23:04 GMT
GET /articles/myswedish-madepenisenlargerandme Thu, 31 Jan 2019 08:23:04 GMT
GET /articles/shakespeare Thu, 31 Jan 2019 08:23:04 GMT
GET /articles/myswedish-madepenisenlargerandme/edit Thu, 31 Jan 2019 08:23:04 GMT
GET /articles/shakespeare/edit Thu, 31 Jan 2019 08:23:04 GMT
POST /articles Thu, 31 Jan 2019 08:23:04 GMT
POST /articles Thu, 31 Jan 2019 08:23:04 GMT
GET /products Thu, 31 Jan 2019 08:23:57 GMT
GET /products/new Thu, 31 Jan 2019 08:23:57 GMT
GET /products/1 Thu, 31 Jan 2019 08:23:57 GMT
GET /products/5 Thu, 31 Jan 2019 08:23:57 GMT
GET /products/1/edit Thu, 31 Jan 2019 08:23:57 GMT
GET /products/2/edit Thu, 31 Jan 2019 08:23:57 GMT
POST /products Thu, 31 Jan 2019 08:23:57 GMT
POST /products Thu, 31 Jan 2019 08:23:57 GMT
POST /products Thu, 31 Jan 2019 08:23:57 GMT
PUT /products/1 Thu, 31 Jan 2019 08:23:57 GMT
PUT /products/4 Thu, 31 Jan 2019 08:23:57 GMT
PUT /products/1 Thu, 31 Jan 2019 08:23:57 GMT
DELETE /products/1 Thu, 31 Jan 2019 08:23:57 GMT
DELETE /products/4 Thu, 31 Jan 2019 08:23:57 GMT
GET /articles Thu, 31 Jan 2019 08:23:57 GMT
GET /articles/new Thu, 31 Jan 2019 08:23:57 GMT
GET /articles/myswedish-madepenisenlargerandme Thu, 31 Jan 2019 08:23:57 GMT
GET /articles/shakespeare Thu, 31 Jan 2019 08:23:57 GMT
GET /articles/myswedish-madepenisenlargerandme/edit Thu, 31 Jan 2019 08:23:57 GMT
GET /articles/shakespeare/edit Thu, 31 Jan 2019 08:23:57 GMT
POST /articles Thu, 31 Jan 2019 08:23:57 GMT
POST /articles Thu, 31 Jan 2019 08:23:57 GMT
GET /products Thu, 31 Jan 2019 08:24:46 GMT
GET /products/new Thu, 31 Jan 2019 08:24:46 GMT
GET /products/1 Thu, 31 Jan 2019 08:24:46 GMT
GET /products/5 Thu, 31 Jan 2019 08:24:46 GMT
GET /products/1/edit Thu, 31 Jan 2019 08:24:46 GMT
GET /products/2/edit Thu, 31 Jan 2019 08:24:46 GMT
POST /products Thu, 31 Jan 2019 08:24:46 GMT
POST /products Thu, 31 Jan 2019 08:24:46 GMT
POST /products Thu, 31 Jan 2019 08:24:46 GMT
PUT /products/1 Thu, 31 Jan 2019 08:24:46 GMT
PUT /products/4 Thu, 31 Jan 2019 08:24:46 GMT
PUT /products/1 Thu, 31 Jan 2019 08:24:46 GMT
DELETE /products/1 Thu, 31 Jan 2019 08:24:46 GMT
DELETE /products/4 Thu, 31 Jan 2019 08:24:46 GMT
GET /articles Thu, 31 Jan 2019 08:24:46 GMT
GET /articles/new Thu, 31 Jan 2019 08:24:46 GMT
GET /articles/myswedish-madepenisenlargerandme Thu, 31 Jan 2019 08:24:46 GMT
GET /articles/shakespeare Thu, 31 Jan 2019 08:24:46 GMT
GET /articles/myswedish-madepenisenlargerandme/edit Thu, 31 Jan 2019 08:24:46 GMT
GET /articles/shakespeare/edit Thu, 31 Jan 2019 08:24:46 GMT
POST /articles Thu, 31 Jan 2019 08:24:46 GMT
POST /articles Thu, 31 Jan 2019 08:24:46 GMT
GET /products Thu, 31 Jan 2019 08:25:06 GMT
GET /products/new Thu, 31 Jan 2019 08:25:06 GMT
GET /products/1 Thu, 31 Jan 2019 08:25:06 GMT
GET /products/5 Thu, 31 Jan 2019 08:25:06 GMT
GET /products/1/edit Thu, 31 Jan 2019 08:25:06 GMT
GET /products/2/edit Thu, 31 Jan 2019 08:25:06 GMT
POST /products Thu, 31 Jan 2019 08:25:06 GMT
POST /products Thu, 31 Jan 2019 08:25:06 GMT
POST /products Thu, 31 Jan 2019 08:25:06 GMT
PUT /products/1 Thu, 31 Jan 2019 08:25:06 GMT
PUT /products/4 Thu, 31 Jan 2019 08:25:06 GMT
PUT /products/1 Thu, 31 Jan 2019 08:25:06 GMT
DELETE /products/1 Thu, 31 Jan 2019 08:25:06 GMT
DELETE /products/4 Thu, 31 Jan 2019 08:25:06 GMT
GET /articles Thu, 31 Jan 2019 08:25:06 GMT
GET /articles/new Thu, 31 Jan 2019 08:25:06 GMT
GET /articles/myswedish-madepenisenlargerandme Thu, 31 Jan 2019 08:25:06 GMT
GET /articles/shakespeare Thu, 31 Jan 2019 08:25:06 GMT
GET /articles/myswedish-madepenisenlargerandme/edit Thu, 31 Jan 2019 08:25:06 GMT
GET /articles/shakespeare/edit Thu, 31 Jan 2019 08:25:06 GMT
POST /articles Thu, 31 Jan 2019 08:25:06 GMT
POST /articles Thu, 31 Jan 2019 08:25:06 GMT
GET /products Thu, 31 Jan 2019 08:26:56 GMT
GET /products/new Thu, 31 Jan 2019 08:26:56 GMT
GET /products/1 Thu, 31 Jan 2019 08:26:56 GMT
GET /products/5 Thu, 31 Jan 2019 08:26:56 GMT
GET /products/1/edit Thu, 31 Jan 2019 08:26:56 GMT
GET /products/2/edit Thu, 31 Jan 2019 08:26:56 GMT
POST /products Thu, 31 Jan 2019 08:26:56 GMT
POST /products Thu, 31 Jan 2019 08:26:56 GMT
POST /products Thu, 31 Jan 2019 08:26:56 GMT
PUT /products/1 Thu, 31 Jan 2019 08:26:56 GMT
PUT /products/4 Thu, 31 Jan 2019 08:26:56 GMT
PUT /products/1 Thu, 31 Jan 2019 08:26:56 GMT
DELETE /products/1 Thu, 31 Jan 2019 08:26:56 GMT
DELETE /products/4 Thu, 31 Jan 2019 08:26:56 GMT
GET /articles Thu, 31 Jan 2019 08:26:56 GMT
GET /articles/new Thu, 31 Jan 2019 08:26:56 GMT
GET /articles/myswedish-madepenisenlargerandme Thu, 31 Jan 2019 08:26:56 GMT
GET /articles/shakespeare Thu, 31 Jan 2019 08:26:56 GMT
GET /articles/myswedish-madepenisenlargerandme/edit Thu, 31 Jan 2019 08:26:56 GMT
GET /products Thu, 31 Jan 2019 08:26:56 GMT
GET /products/new Thu, 31 Jan 2019 08:26:56 GMT
GET /products/1 Thu, 31 Jan 2019 08:26:56 GMT
GET /products/5 Thu, 31 Jan 2019 08:26:56 GMT
GET /products/1/edit Thu, 31 Jan 2019 08:26:56 GMT
GET /products/2/edit Thu, 31 Jan 2019 08:26:56 GMT
POST /products Thu, 31 Jan 2019 08:26:56 GMT
POST /products Thu, 31 Jan 2019 08:26:56 GMT
POST /products Thu, 31 Jan 2019 08:26:56 GMT
PUT /products/1 Thu, 31 Jan 2019 08:26:56 GMT
PUT /products/4 Thu, 31 Jan 2019 08:26:56 GMT
PUT /products/1 Thu, 31 Jan 2019 08:26:56 GMT
DELETE /products/1 Thu, 31 Jan 2019 08:26:56 GMT
DELETE /products/4 Thu, 31 Jan 2019 08:26:56 GMT
GET /articles Thu, 31 Jan 2019 08:26:56 GMT
GET /articles/new Thu, 31 Jan 2019 08:26:56 GMT
GET /articles/myswedish-madepenisenlargerandme Thu, 31 Jan 2019 08:26:56 GMT
GET /articles/shakespeare Thu, 31 Jan 2019 08:26:56 GMT
GET /articles/myswedish-madepenisenlargerandme/edit Thu, 31 Jan 2019 08:26:56 GMT
GET /articles/shakespeare/edit Thu, 31 Jan 2019 08:26:56 GMT
POST /articles Thu, 31 Jan 2019 08:26:56 GMT
POST /articles Thu, 31 Jan 2019 08:26:56 GMT
GET /products Thu, 31 Jan 2019 08:27:22 GMT
GET /products/new Thu, 31 Jan 2019 08:27:22 GMT
GET /products/1 Thu, 31 Jan 2019 08:27:22 GMT
GET /products/5 Thu, 31 Jan 2019 08:27:22 GMT
GET /products/1/edit Thu, 31 Jan 2019 08:27:22 GMT
GET /products/2/edit Thu, 31 Jan 2019 08:27:22 GMT
POST /products Thu, 31 Jan 2019 08:27:22 GMT
POST /products Thu, 31 Jan 2019 08:27:22 GMT
POST /products Thu, 31 Jan 2019 08:27:22 GMT
PUT /products/1 Thu, 31 Jan 2019 08:27:22 GMT
PUT /products/4 Thu, 31 Jan 2019 08:27:22 GMT
PUT /products/1 Thu, 31 Jan 2019 08:27:22 GMT
DELETE /products/1 Thu, 31 Jan 2019 08:27:22 GMT
DELETE /products/4 Thu, 31 Jan 2019 08:27:22 GMT
GET /articles Thu, 31 Jan 2019 08:27:22 GMT
GET /articles/new Thu, 31 Jan 2019 08:27:22 GMT
GET /articles/myswedish-madepenisenlargerandme Thu, 31 Jan 2019 08:27:22 GMT
GET /articles/shakespeare Thu, 31 Jan 2019 08:27:22 GMT
GET /articles/myswedish-madepenisenlargerandme/edit Thu, 31 Jan 2019 08:27:22 GMT
GET /articles/shakespeare/edit Thu, 31 Jan 2019 08:27:22 GMT
POST /articles Thu, 31 Jan 2019 08:27:22 GMT
POST /articles Thu, 31 Jan 2019 08:27:22 GMT
GET /products Thu, 31 Jan 2019 08:27:24 GMT
GET /products/new Thu, 31 Jan 2019 08:27:24 GMT
GET /products/1 Thu, 31 Jan 2019 08:27:24 GMT
GET /products/5 Thu, 31 Jan 2019 08:27:24 GMT
GET /products/1/edit Thu, 31 Jan 2019 08:27:24 GMT
GET /products/2/edit Thu, 31 Jan 2019 08:27:24 GMT
POST /products Thu, 31 Jan 2019 08:27:24 GMT
POST /products Thu, 31 Jan 2019 08:27:24 GMT
POST /products Thu, 31 Jan 2019 08:27:24 GMT
PUT /products/1 Thu, 31 Jan 2019 08:27:24 GMT
PUT /products/4 Thu, 31 Jan 2019 08:27:24 GMT
PUT /products/1 Thu, 31 Jan 2019 08:27:24 GMT
DELETE /products/1 Thu, 31 Jan 2019 08:27:24 GMT
DELETE /products/4 Thu, 31 Jan 2019 08:27:24 GMT
GET /articles Thu, 31 Jan 2019 08:27:24 GMT
GET /articles/new Thu, 31 Jan 2019 08:27:24 GMT
GET /articles/myswedish-madepenisenlargerandme Thu, 31 Jan 2019 08:27:24 GMT
GET /articles/shakespeare Thu, 31 Jan 2019 08:27:24 GMT
GET /articles/myswedish-madepenisenlargerandme/edit Thu, 31 Jan 2019 08:27:24 GMT
GET /articles/shakespeare/edit Thu, 31 Jan 2019 08:27:24 GMT
POST /articles Thu, 31 Jan 2019 08:27:24 GMT
POST /articles Thu, 31 Jan 2019 08:27:24 GMT
GET /products Thu, 31 Jan 2019 08:27:43 GMT
GET /products/new Thu, 31 Jan 2019 08:27:43 GMT
GET /products/1 Thu, 31 Jan 2019 08:27:43 GMT
GET /products/5 Thu, 31 Jan 2019 08:27:43 GMT
GET /products/1/edit Thu, 31 Jan 2019 08:27:43 GMT
GET /products/2/edit Thu, 31 Jan 2019 08:27:43 GMT
POST /products Thu, 31 Jan 2019 08:27:43 GMT
POST /products Thu, 31 Jan 2019 08:27:43 GMT
POST /products Thu, 31 Jan 2019 08:27:43 GMT
PUT /products/1 Thu, 31 Jan 2019 08:27:43 GMT
PUT /products/4 Thu, 31 Jan 2019 08:27:43 GMT
PUT /products/1 Thu, 31 Jan 2019 08:27:43 GMT
DELETE /products/1 Thu, 31 Jan 2019 08:27:43 GMT
DELETE /products/4 Thu, 31 Jan 2019 08:27:43 GMT
GET /articles Thu, 31 Jan 2019 08:27:43 GMT
GET /articles/new Thu, 31 Jan 2019 08:27:43 GMT
GET /articles/myswedish-madepenisenlargerandme Thu, 31 Jan 2019 08:27:43 GMT
GET /articles/shakespeare Thu, 31 Jan 2019 08:27:43 GMT
GET /articles/myswedish-madepenisenlargerandme/edit Thu, 31 Jan 2019 08:27:43 GMT
GET /articles/shakespeare/edit Thu, 31 Jan 2019 08:27:43 GMT
POST /articles Thu, 31 Jan 2019 08:27:43 GMT
POST /articles Thu, 31 Jan 2019 08:27:43 GMT
GET /products Thu, 31 Jan 2019 08:28:42 GMT
GET /products/new Thu, 31 Jan 2019 08:28:42 GMT
GET /products/1 Thu, 31 Jan 2019 08:28:42 GMT
GET /products/5 Thu, 31 Jan 2019 08:28:42 GMT
GET /products/1/edit Thu, 31 Jan 2019 08:28:42 GMT
GET /products/2/edit Thu, 31 Jan 2019 08:28:42 GMT
POST /products Thu, 31 Jan 2019 08:28:42 GMT
POST /products Thu, 31 Jan 2019 08:28:42 GMT
POST /products Thu, 31 Jan 2019 08:28:42 GMT
PUT /products/1 Thu, 31 Jan 2019 08:28:42 GMT
PUT /products/4 Thu, 31 Jan 2019 08:28:42 GMT
PUT /products/1 Thu, 31 Jan 2019 08:28:42 GMT
DELETE /products/1 Thu, 31 Jan 2019 08:28:42 GMT
DELETE /products/4 Thu, 31 Jan 2019 08:28:42 GMT
GET /articles Thu, 31 Jan 2019 08:28:42 GMT
GET /articles/new Thu, 31 Jan 2019 08:28:42 GMT
GET /articles/myswedish-madepenisenlargerandme Thu, 31 Jan 2019 08:28:42 GMT
GET /articles/shakespeare Thu, 31 Jan 2019 08:28:42 GMT
GET /articles/myswedish-madepenisenlargerandme/edit Thu, 31 Jan 2019 08:28:42 GMT
GET /articles/shakespeare/edit Thu, 31 Jan 2019 08:28:42 GMT
POST /articles Thu, 31 Jan 2019 08:28:42 GMT
POST /articles Thu, 31 Jan 2019 08:28:42 GMT
GET /products Thu, 31 Jan 2019 08:30:02 GMT
GET /products/new Thu, 31 Jan 2019 08:30:02 GMT
GET /products/1 Thu, 31 Jan 2019 08:30:02 GMT
GET /products/5 Thu, 31 Jan 2019 08:30:02 GMT
GET /products/1/edit Thu, 31 Jan 2019 08:30:02 GMT
GET /products/2/edit Thu, 31 Jan 2019 08:30:02 GMT
POST /products Thu, 31 Jan 2019 08:30:02 GMT
POST /products Thu, 31 Jan 2019 08:30:02 GMT
POST /products Thu, 31 Jan 2019 08:30:02 GMT
PUT /products/1 Thu, 31 Jan 2019 08:30:02 GMT
PUT /products/4 Thu, 31 Jan 2019 08:30:02 GMT
PUT /products/1 Thu, 31 Jan 2019 08:30:02 GMT
DELETE /products/1 Thu, 31 Jan 2019 08:30:02 GMT
DELETE /products/4 Thu, 31 Jan 2019 08:30:02 GMT
GET /articles Thu, 31 Jan 2019 08:30:02 GMT
GET /articles/new Thu, 31 Jan 2019 08:30:02 GMT
GET /articles/myswedish-madepenisenlargerandme Thu, 31 Jan 2019 08:30:02 GMT
GET /articles/shakespeare Thu, 31 Jan 2019 08:30:02 GMT
GET /articles/myswedish-madepenisenlargerandme/edit Thu, 31 Jan 2019 08:30:02 GMT
GET /articles/shakespeare/edit Thu, 31 Jan 2019 08:30:02 GMT
POST /articles Thu, 31 Jan 2019 08:30:02 GMT
POST /articles Thu, 31 Jan 2019 08:30:02 GMT
GET /products Thu, 31 Jan 2019 08:30:24 GMT
GET /products/new Thu, 31 Jan 2019 08:30:24 GMT
GET /products/1 Thu, 31 Jan 2019 08:30:24 GMT
GET /products/5 Thu, 31 Jan 2019 08:30:24 GMT
GET /products/1/edit Thu, 31 Jan 2019 08:30:24 GMT
GET /products/2/edit Thu, 31 Jan 2019 08:30:24 GMT
POST /products Thu, 31 Jan 2019 08:30:24 GMT
POST /products Thu, 31 Jan 2019 08:30:24 GMT
POST /products Thu, 31 Jan 2019 08:30:24 GMT
PUT /products/1 Thu, 31 Jan 2019 08:30:24 GMT
PUT /products/4 Thu, 31 Jan 2019 08:30:24 GMT
PUT /products/1 Thu, 31 Jan 2019 08:30:24 GMT
DELETE /products/1 Thu, 31 Jan 2019 08:30:24 GMT
DELETE /products/4 Thu, 31 Jan 2019 08:30:24 GMT
GET /articles Thu, 31 Jan 2019 08:30:24 GMT
GET /articles/new Thu, 31 Jan 2019 08:30:24 GMT
GET /articles/myswedish-madepenisenlargerandme Thu, 31 Jan 2019 08:30:24 GMT
GET /articles/shakespeare Thu, 31 Jan 2019 08:30:24 GMT
GET /articles/myswedish-madepenisenlargerandme/edit Thu, 31 Jan 2019 08:30:24 GMT
GET /articles/shakespeare/edit Thu, 31 Jan 2019 08:30:24 GMT
POST /articles Thu, 31 Jan 2019 08:30:24 GMT
POST /articles Thu, 31 Jan 2019 08:30:24 GMT
GET /products Thu, 31 Jan 2019 08:30:41 GMT
GET /products/new Thu, 31 Jan 2019 08:30:41 GMT
GET /products/1 Thu, 31 Jan 2019 08:30:41 GMT
GET /products/5 Thu, 31 Jan 2019 08:30:41 GMT
GET /products/1/edit Thu, 31 Jan 2019 08:30:41 GMT
GET /products/2/edit Thu, 31 Jan 2019 08:30:41 GMT
POST /products Thu, 31 Jan 2019 08:30:41 GMT
POST /products Thu, 31 Jan 2019 08:30:41 GMT
POST /products Thu, 31 Jan 2019 08:30:41 GMT
PUT /products/1 Thu, 31 Jan 2019 08:30:41 GMT
PUT /products/4 Thu, 31 Jan 2019 08:30:41 GMT
PUT /products/1 Thu, 31 Jan 2019 08:30:41 GMT
DELETE /products/1 Thu, 31 Jan 2019 08:30:41 GMT
DELETE /products/4 Thu, 31 Jan 2019 08:30:41 GMT
GET /articles Thu, 31 Jan 2019 08:30:41 GMT
GET /articles/new Thu, 31 Jan 2019 08:30:41 GMT
GET /articles/myswedish-madepenisenlargerandme Thu, 31 Jan 2019 08:30:41 GMT
GET /articles/shakespeare Thu, 31 Jan 2019 08:30:41 GMT
GET /articles/myswedish-madepenisenlargerandme/edit Thu, 31 Jan 2019 08:30:41 GMT
GET /articles/shakespeare/edit Thu, 31 Jan 2019 08:30:41 GMT
POST /articles Thu, 31 Jan 2019 08:30:41 GMT
POST /articles Thu, 31 Jan 2019 08:30:41 GMT
GET /products Thu, 31 Jan 2019 08:31:55 GMT
GET /products/new Thu, 31 Jan 2019 08:31:55 GMT
GET /products/1 Thu, 31 Jan 2019 08:31:55 GMT
GET /products/5 Thu, 31 Jan 2019 08:31:55 GMT
GET /products/1/edit Thu, 31 Jan 2019 08:31:55 GMT
GET /products/2/edit Thu, 31 Jan 2019 08:31:55 GMT
POST /products Thu, 31 Jan 2019 08:31:55 GMT
POST /products Thu, 31 Jan 2019 08:31:55 GMT
POST /products Thu, 31 Jan 2019 08:31:55 GMT
PUT /products/1 Thu, 31 Jan 2019 08:31:55 GMT
PUT /products/4 Thu, 31 Jan 2019 08:31:55 GMT
PUT /products/1 Thu, 31 Jan 2019 08:31:55 GMT
DELETE /products/1 Thu, 31 Jan 2019 08:31:55 GMT
DELETE /products/4 Thu, 31 Jan 2019 08:31:55 GMT
GET /articles Thu, 31 Jan 2019 08:31:55 GMT
GET /articles/new Thu, 31 Jan 2019 08:31:55 GMT
GET /articles/myswedish-madepenisenlargerandme Thu, 31 Jan 2019 08:31:55 GMT
GET /articles/shakespeare Thu, 31 Jan 2019 08:31:55 GMT
GET /articles/myswedish-madepenisenlargerandme/edit Thu, 31 Jan 2019 08:31:55 GMT
GET /articles/shakespeare/edit Thu, 31 Jan 2019 08:31:55 GMT
POST /articles Thu, 31 Jan 2019 08:31:55 GMT
POST /articles Thu, 31 Jan 2019 08:31:55 GMT
GET /products Thu, 31 Jan 2019 08:32:50 GMT
GET /products/new Thu, 31 Jan 2019 08:32:50 GMT
GET /products/1 Thu, 31 Jan 2019 08:32:50 GMT
GET /products/5 Thu, 31 Jan 2019 08:32:50 GMT
GET /products/1/edit Thu, 31 Jan 2019 08:32:50 GMT
GET /products/2/edit Thu, 31 Jan 2019 08:32:50 GMT
POST /products Thu, 31 Jan 2019 08:32:50 GMT
POST /products Thu, 31 Jan 2019 08:32:50 GMT
POST /products Thu, 31 Jan 2019 08:32:50 GMT
PUT /products/1 Thu, 31 Jan 2019 08:32:50 GMT
PUT /products/4 Thu, 31 Jan 2019 08:32:50 GMT
PUT /products/1 Thu, 31 Jan 2019 08:32:50 GMT
DELETE /products/1 Thu, 31 Jan 2019 08:32:50 GMT
DELETE /products/4 Thu, 31 Jan 2019 08:32:50 GMT
GET /articles Thu, 31 Jan 2019 08:32:50 GMT
GET /articles/new Thu, 31 Jan 2019 08:32:50 GMT
GET /articles/myswedish-madepenisenlargerandme Thu, 31 Jan 2019 08:32:50 GMT
GET /articles/shakespeare Thu, 31 Jan 2019 08:32:50 GMT
GET /articles/myswedish-madepenisenlargerandme/edit Thu, 31 Jan 2019 08:32:50 GMT
GET /articles/shakespeare/edit Thu, 31 Jan 2019 08:32:50 GMT
POST /articles Thu, 31 Jan 2019 08:32:50 GMT
POST /articles Thu, 31 Jan 2019 08:32:51 GMT
GET /products Thu, 31 Jan 2019 08:33:47 GMT
GET /products/new Thu, 31 Jan 2019 08:33:47 GMT
GET /products/1 Thu, 31 Jan 2019 08:33:47 GMT
GET /products/5 Thu, 31 Jan 2019 08:33:47 GMT
GET /products/1/edit Thu, 31 Jan 2019 08:33:47 GMT
GET /products/2/edit Thu, 31 Jan 2019 08:33:47 GMT
POST /products Thu, 31 Jan 2019 08:33:47 GMT
POST /products Thu, 31 Jan 2019 08:33:47 GMT
POST /products Thu, 31 Jan 2019 08:33:47 GMT
PUT /products/1 Thu, 31 Jan 2019 08:33:47 GMT
PUT /products/4 Thu, 31 Jan 2019 08:33:47 GMT
PUT /products/1 Thu, 31 Jan 2019 08:33:47 GMT
DELETE /products/1 Thu, 31 Jan 2019 08:33:47 GMT
DELETE /products/4 Thu, 31 Jan 2019 08:33:47 GMT
GET /articles Thu, 31 Jan 2019 08:33:47 GMT
GET /articles/new Thu, 31 Jan 2019 08:33:47 GMT
GET /articles/myswedish-madepenisenlargerandme Thu, 31 Jan 2019 08:33:47 GMT
GET /articles/shakespeare Thu, 31 Jan 2019 08:33:47 GMT
GET /articles/myswedish-madepenisenlargerandme/edit Thu, 31 Jan 2019 08:33:47 GMT
GET /articles/shakespeare/edit Thu, 31 Jan 2019 08:33:47 GMT
POST /articles Thu, 31 Jan 2019 08:33:47 GMT
POST /articles Thu, 31 Jan 2019 08:33:47 GMT
GET /products Thu, 31 Jan 2019 08:34:30 GMT
GET /products/new Thu, 31 Jan 2019 08:34:30 GMT
GET /products/1 Thu, 31 Jan 2019 08:34:30 GMT
GET /products/5 Thu, 31 Jan 2019 08:34:30 GMT
GET /products/1/edit Thu, 31 Jan 2019 08:34:30 GMT
GET /products/2/edit Thu, 31 Jan 2019 08:34:30 GMT
POST /products Thu, 31 Jan 2019 08:34:30 GMT
POST /products Thu, 31 Jan 2019 08:34:30 GMT
POST /products Thu, 31 Jan 2019 08:34:30 GMT
PUT /products/1 Thu, 31 Jan 2019 08:34:30 GMT
PUT /products/4 Thu, 31 Jan 2019 08:34:30 GMT
PUT /products/1 Thu, 31 Jan 2019 08:34:30 GMT
DELETE /products/1 Thu, 31 Jan 2019 08:34:30 GMT
DELETE /products/4 Thu, 31 Jan 2019 08:34:30 GMT
GET /articles Thu, 31 Jan 2019 08:34:30 GMT
GET /articles/new Thu, 31 Jan 2019 08:34:30 GMT
GET /articles/myswedish-madepenisenlargerandme Thu, 31 Jan 2019 08:34:30 GMT
GET /articles/shakespeare Thu, 31 Jan 2019 08:34:30 GMT
GET /articles/myswedish-madepenisenlargerandme/edit Thu, 31 Jan 2019 08:34:30 GMT
GET /articles/shakespeare/edit Thu, 31 Jan 2019 08:34:30 GMT
POST /articles Thu, 31 Jan 2019 08:34:30 GMT
POST /articles Thu, 31 Jan 2019 08:34:30 GMT
GET /products Thu, 31 Jan 2019 08:35:49 GMT
GET /products/new Thu, 31 Jan 2019 08:35:49 GMT
GET /products/1 Thu, 31 Jan 2019 08:35:49 GMT
GET /products/5 Thu, 31 Jan 2019 08:35:49 GMT
GET /products/1/edit Thu, 31 Jan 2019 08:35:49 GMT
GET /products/2/edit Thu, 31 Jan 2019 08:35:49 GMT
POST /products Thu, 31 Jan 2019 08:35:49 GMT
POST /products Thu, 31 Jan 2019 08:35:49 GMT
POST /products Thu, 31 Jan 2019 08:35:49 GMT
PUT /products/1 Thu, 31 Jan 2019 08:35:49 GMT
PUT /products/4 Thu, 31 Jan 2019 08:35:49 GMT
PUT /products/1 Thu, 31 Jan 2019 08:35:49 GMT
DELETE /products/1 Thu, 31 Jan 2019 08:35:49 GMT
DELETE /products/4 Thu, 31 Jan 2019 08:35:49 GMT
GET /articles Thu, 31 Jan 2019 08:35:49 GMT
GET /articles/new Thu, 31 Jan 2019 08:35:49 GMT
GET /articles/myswedish-madepenisenlargerandme Thu, 31 Jan 2019 08:35:49 GMT
GET /articles/shakespeare Thu, 31 Jan 2019 08:35:49 GMT
GET /articles/myswedish-madepenisenlargerandme/edit Thu, 31 Jan 2019 08:35:49 GMT
GET /articles/shakespeare/edit Thu, 31 Jan 2019 08:35:49 GMT
POST /articles Thu, 31 Jan 2019 08:35:49 GMT
POST /articles Thu, 31 Jan 2019 08:35:49 GMT
GET /products Thu, 31 Jan 2019 08:36:32 GMT
GET /products/new Thu, 31 Jan 2019 08:36:32 GMT
GET /products/1 Thu, 31 Jan 2019 08:36:32 GMT
GET /products/5 Thu, 31 Jan 2019 08:36:32 GMT
GET /products/1/edit Thu, 31 Jan 2019 08:36:32 GMT
GET /products/2/edit Thu, 31 Jan 2019 08:36:32 GMT
POST /products Thu, 31 Jan 2019 08:36:32 GMT
POST /products Thu, 31 Jan 2019 08:36:32 GMT
POST /products Thu, 31 Jan 2019 08:36:32 GMT
PUT /products/1 Thu, 31 Jan 2019 08:36:32 GMT
PUT /products/4 Thu, 31 Jan 2019 08:36:32 GMT
PUT /products/1 Thu, 31 Jan 2019 08:36:32 GMT
DELETE /products/1 Thu, 31 Jan 2019 08:36:32 GMT
DELETE /products/4 Thu, 31 Jan 2019 08:36:32 GMT
GET /articles Thu, 31 Jan 2019 08:36:32 GMT
GET /articles/new Thu, 31 Jan 2019 08:36:32 GMT
GET /articles/myswedish-madepenisenlargerandme Thu, 31 Jan 2019 08:36:32 GMT
GET /articles/shakespeare Thu, 31 Jan 2019 08:36:32 GMT
GET /articles/myswedish-madepenisenlargerandme/edit Thu, 31 Jan 2019 08:36:32 GMT
GET /articles/shakespeare/edit Thu, 31 Jan 2019 08:36:32 GMT
POST /articles Thu, 31 Jan 2019 08:36:32 GMT
POST /articles Thu, 31 Jan 2019 08:36:32 GMT
GET /products Thu, 31 Jan 2019 08:36:41 GMT
GET /products/new Thu, 31 Jan 2019 08:36:41 GMT
GET /products/1 Thu, 31 Jan 2019 08:36:41 GMT
GET /products/5 Thu, 31 Jan 2019 08:36:41 GMT
GET /products/1/edit Thu, 31 Jan 2019 08:36:41 GMT
GET /products/2/edit Thu, 31 Jan 2019 08:36:41 GMT
POST /products Thu, 31 Jan 2019 08:36:41 GMT
POST /products Thu, 31 Jan 2019 08:36:41 GMT
POST /products Thu, 31 Jan 2019 08:36:41 GMT
PUT /products/1 Thu, 31 Jan 2019 08:36:41 GMT
PUT /products/4 Thu, 31 Jan 2019 08:36:41 GMT
PUT /products/1 Thu, 31 Jan 2019 08:36:41 GMT
DELETE /products/1 Thu, 31 Jan 2019 08:36:41 GMT
DELETE /products/4 Thu, 31 Jan 2019 08:36:41 GMT
GET /articles Thu, 31 Jan 2019 08:36:41 GMT
GET /articles/new Thu, 31 Jan 2019 08:36:41 GMT
GET /articles/myswedish-madepenisenlargerandme Thu, 31 Jan 2019 08:36:41 GMT
GET /articles/shakespeare Thu, 31 Jan 2019 08:36:41 GMT
GET /articles/myswedish-madepenisenlargerandme/edit Thu, 31 Jan 2019 08:36:41 GMT
GET /articles/shakespeare/edit Thu, 31 Jan 2019 08:36:41 GMT
POST /articles Thu, 31 Jan 2019 08:36:41 GMT
POST /articles Thu, 31 Jan 2019 08:36:41 GMT
GET /products Thu, 31 Jan 2019 08:38:32 GMT
GET /products/new Thu, 31 Jan 2019 08:38:32 GMT
GET /products/1 Thu, 31 Jan 2019 08:38:32 GMT
GET /products/5 Thu, 31 Jan 2019 08:38:32 GMT
GET /products/1/edit Thu, 31 Jan 2019 08:38:32 GMT
GET /products/2/edit Thu, 31 Jan 2019 08:38:32 GMT
POST /products Thu, 31 Jan 2019 08:38:32 GMT
POST /products Thu, 31 Jan 2019 08:38:32 GMT
POST /products Thu, 31 Jan 2019 08:38:32 GMT
PUT /products/1 Thu, 31 Jan 2019 08:38:32 GMT
PUT /products/4 Thu, 31 Jan 2019 08:38:32 GMT
PUT /products/1 Thu, 31 Jan 2019 08:38:32 GMT
DELETE /products/1 Thu, 31 Jan 2019 08:38:32 GMT
DELETE /products/4 Thu, 31 Jan 2019 08:38:32 GMT
GET /articles Thu, 31 Jan 2019 08:38:32 GMT
GET /articles/new Thu, 31 Jan 2019 08:38:32 GMT
GET /articles/myswedish-madepenisenlargerandme Thu, 31 Jan 2019 08:38:32 GMT
GET /articles/shakespeare Thu, 31 Jan 2019 08:38:32 GMT
GET /articles/myswedish-madepenisenlargerandme/edit Thu, 31 Jan 2019 08:38:32 GMT
GET /articles/shakespeare/edit Thu, 31 Jan 2019 08:38:32 GMT
POST /articles Thu, 31 Jan 2019 08:38:32 GMT
POST /articles Thu, 31 Jan 2019 08:38:32 GMT
POST /articles Thu, 31 Jan 2019 08:38:32 GMT
GET /products Thu, 31 Jan 2019 08:39:00 GMT
GET /products/new Thu, 31 Jan 2019 08:39:00 GMT
GET /products/1 Thu, 31 Jan 2019 08:39:00 GMT
GET /products/5 Thu, 31 Jan 2019 08:39:00 GMT
GET /products/1/edit Thu, 31 Jan 2019 08:39:00 GMT
GET /products/2/edit Thu, 31 Jan 2019 08:39:00 GMT
POST /products Thu, 31 Jan 2019 08:39:00 GMT
POST /products Thu, 31 Jan 2019 08:39:00 GMT
POST /products Thu, 31 Jan 2019 08:39:00 GMT
PUT /products/1 Thu, 31 Jan 2019 08:39:00 GMT
PUT /products/4 Thu, 31 Jan 2019 08:39:00 GMT
PUT /products/1 Thu, 31 Jan 2019 08:39:00 GMT
DELETE /products/1 Thu, 31 Jan 2019 08:39:00 GMT
DELETE /products/4 Thu, 31 Jan 2019 08:39:00 GMT
GET /articles Thu, 31 Jan 2019 08:39:00 GMT
GET /articles/new Thu, 31 Jan 2019 08:39:00 GMT
GET /articles/myswedish-madepenisenlargerandme Thu, 31 Jan 2019 08:39:00 GMT
GET /articles/shakespeare Thu, 31 Jan 2019 08:39:00 GMT
GET /articles/myswedish-madepenisenlargerandme/edit Thu, 31 Jan 2019 08:39:00 GMT
GET /articles/shakespeare/edit Thu, 31 Jan 2019 08:39:00 GMT
POST /articles Thu, 31 Jan 2019 08:39:00 GMT
POST /articles Thu, 31 Jan 2019 08:39:00 GMT
POST /articles Thu, 31 Jan 2019 08:39:00 GMT
GET /products Thu, 31 Jan 2019 08:42:58 GMT
GET /products/new Thu, 31 Jan 2019 08:42:58 GMT
GET /products/1 Thu, 31 Jan 2019 08:42:58 GMT
GET /products/5 Thu, 31 Jan 2019 08:42:58 GMT
GET /products/1/edit Thu, 31 Jan 2019 08:42:58 GMT
GET /products/2/edit Thu, 31 Jan 2019 08:42:58 GMT
POST /products Thu, 31 Jan 2019 08:42:58 GMT
POST /products Thu, 31 Jan 2019 08:42:58 GMT
POST /products Thu, 31 Jan 2019 08:42:58 GMT
PUT /products/1 Thu, 31 Jan 2019 08:42:58 GMT
PUT /products/4 Thu, 31 Jan 2019 08:42:58 GMT
PUT /products/1 Thu, 31 Jan 2019 08:42:58 GMT
DELETE /products/1 Thu, 31 Jan 2019 08:42:59 GMT
DELETE /products/4 Thu, 31 Jan 2019 08:42:59 GMT
GET /articles Thu, 31 Jan 2019 08:42:59 GMT
GET /articles/new Thu, 31 Jan 2019 08:42:59 GMT
GET /articles/myswedish-madepenisenlargerandme Thu, 31 Jan 2019 08:42:59 GMT
GET /articles/shakespeare Thu, 31 Jan 2019 08:42:59 GMT
GET /articles/myswedish-madepenisenlargerandme/edit Thu, 31 Jan 2019 08:42:59 GMT
GET /articles/shakespeare/edit Thu, 31 Jan 2019 08:42:59 GMT
POST /articles Thu, 31 Jan 2019 08:42:59 GMT
POST /articles Thu, 31 Jan 2019 08:42:59 GMT
POST /articles Thu, 31 Jan 2019 08:42:59 GMT
PUT /articles/myswedish-madepenisenlargerandme Thu, 31 Jan 2019 08:42:59 GMT
PUT /products/4 Thu, 31 Jan 2019 08:42:59 GMT
GET /products Thu, 31 Jan 2019 08:44:31 GMT
GET /products/new Thu, 31 Jan 2019 08:44:31 GMT
GET /products/1 Thu, 31 Jan 2019 08:44:31 GMT
GET /products/5 Thu, 31 Jan 2019 08:44:31 GMT
GET /products/1/edit Thu, 31 Jan 2019 08:44:31 GMT
GET /products/2/edit Thu, 31 Jan 2019 08:44:31 GMT
POST /products Thu, 31 Jan 2019 08:44:31 GMT
POST /products Thu, 31 Jan 2019 08:44:31 GMT
POST /products Thu, 31 Jan 2019 08:44:31 GMT
PUT /products/1 Thu, 31 Jan 2019 08:44:31 GMT
PUT /products/4 Thu, 31 Jan 2019 08:44:31 GMT
PUT /products/1 Thu, 31 Jan 2019 08:44:31 GMT
DELETE /products/1 Thu, 31 Jan 2019 08:44:31 GMT
DELETE /products/4 Thu, 31 Jan 2019 08:44:31 GMT
GET /articles Thu, 31 Jan 2019 08:44:31 GMT
GET /articles/new Thu, 31 Jan 2019 08:44:31 GMT
GET /articles/myswedish-madepenisenlargerandme Thu, 31 Jan 2019 08:44:31 GMT
GET /articles/shakespeare Thu, 31 Jan 2019 08:44:31 GMT
GET /articles/myswedish-madepenisenlargerandme/edit Thu, 31 Jan 2019 08:44:31 GMT
GET /articles/shakespeare/edit Thu, 31 Jan 2019 08:44:31 GMT
POST /articles Thu, 31 Jan 2019 08:44:31 GMT
POST /articles Thu, 31 Jan 2019 08:44:31 GMT
POST /articles Thu, 31 Jan 2019 08:44:31 GMT
GET /products Thu, 31 Jan 2019 08:44:31 GMT
GET /products/new Thu, 31 Jan 2019 08:44:31 GMT
GET /products/1 Thu, 31 Jan 2019 08:44:31 GMT
GET /products/5 Thu, 31 Jan 2019 08:44:31 GMT
GET /products/1/edit Thu, 31 Jan 2019 08:44:31 GMT
GET /products/2/edit Thu, 31 Jan 2019 08:44:31 GMT
POST /products Thu, 31 Jan 2019 08:44:31 GMT
POST /products Thu, 31 Jan 2019 08:44:31 GMT
POST /products Thu, 31 Jan 2019 08:44:31 GMT
PUT /products/1 Thu, 31 Jan 2019 08:44:31 GMT
PUT /products/4 Thu, 31 Jan 2019 08:44:31 GMT
PUT /products/1 Thu, 31 Jan 2019 08:44:31 GMT
DELETE /products/1 Thu, 31 Jan 2019 08:44:31 GMT
DELETE /products/4 Thu, 31 Jan 2019 08:44:31 GMT
GET /articles Thu, 31 Jan 2019 08:44:31 GMT
GET /articles/new Thu, 31 Jan 2019 08:44:31 GMT
GET /articles/myswedish-madepenisenlargerandme Thu, 31 Jan 2019 08:44:31 GMT
GET /articles/shakespeare Thu, 31 Jan 2019 08:44:31 GMT
GET /articles/myswedish-madepenisenlargerandme/edit Thu, 31 Jan 2019 08:44:31 GMT
GET /articles/shakespeare/edit Thu, 31 Jan 2019 08:44:31 GMT
POST /articles Thu, 31 Jan 2019 08:44:31 GMT
POST /articles Thu, 31 Jan 2019 08:44:31 GMT
POST /articles Thu, 31 Jan 2019 08:44:31 GMT
PUT /articles/myswedish-madepenisenlargerandme Thu, 31 Jan 2019 08:44:31 GMT
PUT /articles/holes Thu, 31 Jan 2019 08:44:31 GMT
GET /products Thu, 31 Jan 2019 08:45:16 GMT
GET /products/new Thu, 31 Jan 2019 08:45:16 GMT
GET /products/1 Thu, 31 Jan 2019 08:45:16 GMT
GET /products/5 Thu, 31 Jan 2019 08:45:16 GMT
GET /products/1/edit Thu, 31 Jan 2019 08:45:16 GMT
GET /products/2/edit Thu, 31 Jan 2019 08:45:16 GMT
POST /products Thu, 31 Jan 2019 08:45:16 GMT
POST /products Thu, 31 Jan 2019 08:45:16 GMT
POST /products Thu, 31 Jan 2019 08:45:16 GMT
PUT /products/1 Thu, 31 Jan 2019 08:45:16 GMT
PUT /products/4 Thu, 31 Jan 2019 08:45:16 GMT
PUT /products/1 Thu, 31 Jan 2019 08:45:16 GMT
DELETE /products/1 Thu, 31 Jan 2019 08:45:16 GMT
DELETE /products/4 Thu, 31 Jan 2019 08:45:16 GMT
GET /articles Thu, 31 Jan 2019 08:45:16 GMT
GET /articles/new Thu, 31 Jan 2019 08:45:16 GMT
GET /articles/myswedish-madepenisenlargerandme Thu, 31 Jan 2019 08:45:16 GMT
GET /articles/shakespeare Thu, 31 Jan 2019 08:45:16 GMT
GET /articles/myswedish-madepenisenlargerandme/edit Thu, 31 Jan 2019 08:45:16 GMT
GET /articles/shakespeare/edit Thu, 31 Jan 2019 08:45:16 GMT
POST /articles Thu, 31 Jan 2019 08:45:16 GMT
POST /articles Thu, 31 Jan 2019 08:45:16 GMT
POST /articles Thu, 31 Jan 2019 08:45:16 GMT
PUT /articles/myswedish-madepenisenlargerandme Thu, 31 Jan 2019 08:45:16 GMT
PUT /articles/holes Thu, 31 Jan 2019 08:45:16 GMT
GET /products Thu, 31 Jan 2019 08:45:57 GMT
GET /products/new Thu, 31 Jan 2019 08:45:57 GMT
GET /products/1 Thu, 31 Jan 2019 08:45:57 GMT
GET /products/5 Thu, 31 Jan 2019 08:45:57 GMT
GET /products/1/edit Thu, 31 Jan 2019 08:45:57 GMT
GET /products/2/edit Thu, 31 Jan 2019 08:45:57 GMT
POST /products Thu, 31 Jan 2019 08:45:57 GMT
POST /products Thu, 31 Jan 2019 08:45:57 GMT
POST /products Thu, 31 Jan 2019 08:45:57 GMT
PUT /products/1 Thu, 31 Jan 2019 08:45:57 GMT
PUT /products/4 Thu, 31 Jan 2019 08:45:57 GMT
PUT /products/1 Thu, 31 Jan 2019 08:45:57 GMT
DELETE /products/1 Thu, 31 Jan 2019 08:45:57 GMT
DELETE /products/4 Thu, 31 Jan 2019 08:45:57 GMT
GET /articles Thu, 31 Jan 2019 08:45:57 GMT
GET /articles/new Thu, 31 Jan 2019 08:45:57 GMT
GET /articles/myswedish-madepenisenlargerandme Thu, 31 Jan 2019 08:45:57 GMT
GET /articles/shakespeare Thu, 31 Jan 2019 08:45:57 GMT
GET /articles/myswedish-madepenisenlargerandme/edit Thu, 31 Jan 2019 08:45:57 GMT
GET /articles/shakespeare/edit Thu, 31 Jan 2019 08:45:57 GMT
POST /articles Thu, 31 Jan 2019 08:45:57 GMT
POST /articles Thu, 31 Jan 2019 08:45:57 GMT
POST /articles Thu, 31 Jan 2019 08:45:57 GMT
PUT /articles/myswedish-madepenisenlargerandme Thu, 31 Jan 2019 08:45:57 GMT
PUT /articles/holes Thu, 31 Jan 2019 08:45:57 GMT
GET /products Thu, 31 Jan 2019 08:46:39 GMT
GET /products/new Thu, 31 Jan 2019 08:46:39 GMT
GET /products/1 Thu, 31 Jan 2019 08:46:39 GMT
GET /products/5 Thu, 31 Jan 2019 08:46:39 GMT
GET /products/1/edit Thu, 31 Jan 2019 08:46:39 GMT
GET /products/2/edit Thu, 31 Jan 2019 08:46:39 GMT
POST /products Thu, 31 Jan 2019 08:46:39 GMT
POST /products Thu, 31 Jan 2019 08:46:39 GMT
POST /products Thu, 31 Jan 2019 08:46:39 GMT
PUT /products/1 Thu, 31 Jan 2019 08:46:39 GMT
PUT /products/4 Thu, 31 Jan 2019 08:46:39 GMT
PUT /products/1 Thu, 31 Jan 2019 08:46:39 GMT
DELETE /products/1 Thu, 31 Jan 2019 08:46:39 GMT
DELETE /products/4 Thu, 31 Jan 2019 08:46:39 GMT
GET /articles Thu, 31 Jan 2019 08:46:39 GMT
GET /articles/new Thu, 31 Jan 2019 08:46:39 GMT
GET /articles/myswedish-madepenisenlargerandme Thu, 31 Jan 2019 08:46:39 GMT
GET /articles/shakespeare Thu, 31 Jan 2019 08:46:39 GMT
GET /articles/myswedish-madepenisenlargerandme/edit Thu, 31 Jan 2019 08:46:39 GMT
GET /articles/shakespeare/edit Thu, 31 Jan 2019 08:46:39 GMT
POST /articles Thu, 31 Jan 2019 08:46:39 GMT
POST /articles Thu, 31 Jan 2019 08:46:39 GMT
POST /articles Thu, 31 Jan 2019 08:46:39 GMT
PUT /articles/myswedish-madepenisenlargerandme Thu, 31 Jan 2019 08:46:39 GMT
PUT /articles/holes Thu, 31 Jan 2019 08:46:39 GMT
GET /products Thu, 31 Jan 2019 08:49:56 GMT
GET /products/new Thu, 31 Jan 2019 08:49:56 GMT
GET /products/1 Thu, 31 Jan 2019 08:49:56 GMT
GET /products/5 Thu, 31 Jan 2019 08:49:56 GMT
GET /products/1/edit Thu, 31 Jan 2019 08:49:56 GMT
GET /products/2/edit Thu, 31 Jan 2019 08:49:56 GMT
POST /products Thu, 31 Jan 2019 08:49:56 GMT
POST /products Thu, 31 Jan 2019 08:49:56 GMT
POST /products Thu, 31 Jan 2019 08:49:56 GMT
PUT /products/1 Thu, 31 Jan 2019 08:49:56 GMT
PUT /products/4 Thu, 31 Jan 2019 08:49:56 GMT
PUT /products/1 Thu, 31 Jan 2019 08:49:56 GMT
DELETE /products/1 Thu, 31 Jan 2019 08:49:56 GMT
DELETE /products/4 Thu, 31 Jan 2019 08:49:56 GMT
GET /articles Thu, 31 Jan 2019 08:49:56 GMT
GET /articles/new Thu, 31 Jan 2019 08:49:56 GMT
GET /articles/myswedish-madepenisenlargerandme Thu, 31 Jan 2019 08:49:56 GMT
GET /articles/shakespeare Thu, 31 Jan 2019 08:49:56 GMT
GET /articles/myswedish-madepenisenlargerandme/edit Thu, 31 Jan 2019 08:49:56 GMT
GET /articles/shakespeare/edit Thu, 31 Jan 2019 08:49:56 GMT
POST /articles Thu, 31 Jan 2019 08:49:56 GMT
POST /articles Thu, 31 Jan 2019 08:49:56 GMT
POST /articles Thu, 31 Jan 2019 08:49:56 GMT
PUT /articles/myswedish-madepenisenlargerandme Thu, 31 Jan 2019 08:49:56 GMT
PUT /articles/holes Thu, 31 Jan 2019 08:49:56 GMT
PUT /articles/myswedish-madepenisenlargerandme Thu, 31 Jan 2019 08:49:56 GMT
GET /products Thu, 31 Jan 2019 08:50:20 GMT
GET /products/new Thu, 31 Jan 2019 08:50:20 GMT
GET /products/1 Thu, 31 Jan 2019 08:50:20 GMT
GET /products/5 Thu, 31 Jan 2019 08:50:20 GMT
GET /products/1/edit Thu, 31 Jan 2019 08:50:20 GMT
GET /products/2/edit Thu, 31 Jan 2019 08:50:20 GMT
POST /products Thu, 31 Jan 2019 08:50:20 GMT
POST /products Thu, 31 Jan 2019 08:50:20 GMT
POST /products Thu, 31 Jan 2019 08:50:20 GMT
PUT /products/1 Thu, 31 Jan 2019 08:50:20 GMT
PUT /products/4 Thu, 31 Jan 2019 08:50:20 GMT
PUT /products/1 Thu, 31 Jan 2019 08:50:20 GMT
DELETE /products/1 Thu, 31 Jan 2019 08:50:20 GMT
DELETE /products/4 Thu, 31 Jan 2019 08:50:20 GMT
GET /articles Thu, 31 Jan 2019 08:50:20 GMT
GET /articles/new Thu, 31 Jan 2019 08:50:20 GMT
GET /articles/myswedish-madepenisenlargerandme Thu, 31 Jan 2019 08:50:20 GMT
GET /articles/shakespeare Thu, 31 Jan 2019 08:50:20 GMT
GET /articles/myswedish-madepenisenlargerandme/edit Thu, 31 Jan 2019 08:50:20 GMT
GET /articles/shakespeare/edit Thu, 31 Jan 2019 08:50:20 GMT
POST /articles Thu, 31 Jan 2019 08:50:20 GMT
POST /articles Thu, 31 Jan 2019 08:50:20 GMT
POST /articles Thu, 31 Jan 2019 08:50:20 GMT
PUT /articles/myswedish-madepenisenlargerandme Thu, 31 Jan 2019 08:50:20 GMT
PUT /articles/holes Thu, 31 Jan 2019 08:50:20 GMT
PUT /articles/myswedish-madepenisenlargerandme Thu, 31 Jan 2019 08:50:20 GMT
GET /products Thu, 31 Jan 2019 08:51:24 GMT
GET /products/new Thu, 31 Jan 2019 08:51:24 GMT
GET /products/1 Thu, 31 Jan 2019 08:51:24 GMT
GET /products/5 Thu, 31 Jan 2019 08:51:24 GMT
GET /products/1/edit Thu, 31 Jan 2019 08:51:24 GMT
GET /products/2/edit Thu, 31 Jan 2019 08:51:24 GMT
POST /products Thu, 31 Jan 2019 08:51:24 GMT
POST /products Thu, 31 Jan 2019 08:51:24 GMT
POST /products Thu, 31 Jan 2019 08:51:24 GMT
PUT /products/1 Thu, 31 Jan 2019 08:51:24 GMT
PUT /products/4 Thu, 31 Jan 2019 08:51:24 GMT
PUT /products/1 Thu, 31 Jan 2019 08:51:24 GMT
DELETE /products/1 Thu, 31 Jan 2019 08:51:24 GMT
DELETE /products/4 Thu, 31 Jan 2019 08:51:24 GMT
GET /articles Thu, 31 Jan 2019 08:51:24 GMT
GET /articles/new Thu, 31 Jan 2019 08:51:24 GMT
GET /articles/myswedish-madepenisenlargerandme Thu, 31 Jan 2019 08:51:24 GMT
GET /articles/shakespeare Thu, 31 Jan 2019 08:51:24 GMT
GET /articles/myswedish-madepenisenlargerandme/edit Thu, 31 Jan 2019 08:51:24 GMT
GET /articles/shakespeare/edit Thu, 31 Jan 2019 08:51:24 GMT
POST /articles Thu, 31 Jan 2019 08:51:24 GMT
POST /articles Thu, 31 Jan 2019 08:51:24 GMT
POST /articles Thu, 31 Jan 2019 08:51:24 GMT
PUT /articles/myswedish-madepenisenlargerandme Thu, 31 Jan 2019 08:51:24 GMT
PUT /articles/holes Thu, 31 Jan 2019 08:51:24 GMT
PUT /articles/myswedish-madepenisenlargerandme Thu, 31 Jan 2019 08:51:24 GMT
DELETE /products/1 Thu, 31 Jan 2019 08:51:24 GMT
DELETE /products/4 Thu, 31 Jan 2019 08:51:24 GMT
GET /products Thu, 31 Jan 2019 08:52:21 GMT
GET /products/new Thu, 31 Jan 2019 08:52:21 GMT
GET /products/1 Thu, 31 Jan 2019 08:52:21 GMT
GET /products/5 Thu, 31 Jan 2019 08:52:21 GMT
GET /products/1/edit Thu, 31 Jan 2019 08:52:21 GMT
GET /products/2/edit Thu, 31 Jan 2019 08:52:21 GMT
POST /products Thu, 31 Jan 2019 08:52:21 GMT
POST /products Thu, 31 Jan 2019 08:52:21 GMT
POST /products Thu, 31 Jan 2019 08:52:21 GMT
PUT /products/1 Thu, 31 Jan 2019 08:52:21 GMT
PUT /products/4 Thu, 31 Jan 2019 08:52:21 GMT
PUT /products/1 Thu, 31 Jan 2019 08:52:21 GMT
DELETE /products/1 Thu, 31 Jan 2019 08:52:21 GMT
DELETE /products/4 Thu, 31 Jan 2019 08:52:21 GMT
GET /articles Thu, 31 Jan 2019 08:52:21 GMT
GET /articles/new Thu, 31 Jan 2019 08:52:21 GMT
GET /articles/myswedish-madepenisenlargerandme Thu, 31 Jan 2019 08:52:21 GMT
GET /articles/shakespeare Thu, 31 Jan 2019 08:52:21 GMT
GET /articles/myswedish-madepenisenlargerandme/edit Thu, 31 Jan 2019 08:52:21 GMT
GET /articles/shakespeare/edit Thu, 31 Jan 2019 08:52:21 GMT
POST /articles Thu, 31 Jan 2019 08:52:21 GMT
POST /articles Thu, 31 Jan 2019 08:52:21 GMT
POST /articles Thu, 31 Jan 2019 08:52:21 GMT
PUT /articles/myswedish-madepenisenlargerandme Thu, 31 Jan 2019 08:52:21 GMT
PUT /articles/holes Thu, 31 Jan 2019 08:52:21 GMT
PUT /articles/myswedish-madepenisenlargerandme Thu, 31 Jan 2019 08:52:21 GMT
DELETE /articles/myswedish-madepenisenlargerandme Thu, 31 Jan 2019 08:52:21 GMT
DELETE /products/4 Thu, 31 Jan 2019 08:52:21 GMT
GET /products Thu, 31 Jan 2019 08:52:49 GMT
GET /products/new Thu, 31 Jan 2019 08:52:49 GMT
GET /products/1 Thu, 31 Jan 2019 08:52:49 GMT
GET /products/5 Thu, 31 Jan 2019 08:52:49 GMT
GET /products/1/edit Thu, 31 Jan 2019 08:52:49 GMT
GET /products/2/edit Thu, 31 Jan 2019 08:52:49 GMT
POST /products Thu, 31 Jan 2019 08:52:49 GMT
POST /products Thu, 31 Jan 2019 08:52:49 GMT
POST /products Thu, 31 Jan 2019 08:52:49 GMT
PUT /products/1 Thu, 31 Jan 2019 08:52:49 GMT
PUT /products/4 Thu, 31 Jan 2019 08:52:49 GMT
PUT /products/1 Thu, 31 Jan 2019 08:52:49 GMT
DELETE /products/1 Thu, 31 Jan 2019 08:52:49 GMT
DELETE /products/4 Thu, 31 Jan 2019 08:52:49 GMT
GET /articles Thu, 31 Jan 2019 08:52:49 GMT
GET /articles/new Thu, 31 Jan 2019 08:52:49 GMT
GET /articles/myswedish-madepenisenlargerandme Thu, 31 Jan 2019 08:52:49 GMT
GET /articles/shakespeare Thu, 31 Jan 2019 08:52:49 GMT
GET /articles/myswedish-madepenisenlargerandme/edit Thu, 31 Jan 2019 08:52:49 GMT
GET /articles/shakespeare/edit Thu, 31 Jan 2019 08:52:49 GMT
POST /articles Thu, 31 Jan 2019 08:52:49 GMT
POST /articles Thu, 31 Jan 2019 08:52:49 GMT
POST /articles Thu, 31 Jan 2019 08:52:49 GMT
PUT /articles/myswedish-madepenisenlargerandme Thu, 31 Jan 2019 08:52:49 GMT
PUT /articles/holes Thu, 31 Jan 2019 08:52:49 GMT
PUT /articles/myswedish-madepenisenlargerandme Thu, 31 Jan 2019 08:52:49 GMT
DELETE /articles/myswedish-madepenisenlargerandme Thu, 31 Jan 2019 08:52:49 GMT
DELETE /products/4 Thu, 31 Jan 2019 08:52:49 GMT
GET /products Thu, 31 Jan 2019 08:53:09 GMT
GET /products/new Thu, 31 Jan 2019 08:53:09 GMT
GET /products/1 Thu, 31 Jan 2019 08:53:09 GMT
GET /products/5 Thu, 31 Jan 2019 08:53:09 GMT
GET /products/1/edit Thu, 31 Jan 2019 08:53:09 GMT
GET /products/2/edit Thu, 31 Jan 2019 08:53:09 GMT
POST /products Thu, 31 Jan 2019 08:53:09 GMT
POST /products Thu, 31 Jan 2019 08:53:09 GMT
POST /products Thu, 31 Jan 2019 08:53:09 GMT
PUT /products/1 Thu, 31 Jan 2019 08:53:09 GMT
PUT /products/4 Thu, 31 Jan 2019 08:53:09 GMT
PUT /products/1 Thu, 31 Jan 2019 08:53:09 GMT
DELETE /products/1 Thu, 31 Jan 2019 08:53:09 GMT
DELETE /products/4 Thu, 31 Jan 2019 08:53:09 GMT
GET /articles Thu, 31 Jan 2019 08:53:09 GMT
GET /articles/new Thu, 31 Jan 2019 08:53:09 GMT
GET /articles/myswedish-madepenisenlargerandme Thu, 31 Jan 2019 08:53:09 GMT
GET /articles/shakespeare Thu, 31 Jan 2019 08:53:09 GMT
GET /articles/myswedish-madepenisenlargerandme/edit Thu, 31 Jan 2019 08:53:09 GMT
GET /articles/shakespeare/edit Thu, 31 Jan 2019 08:53:09 GMT
POST /articles Thu, 31 Jan 2019 08:53:09 GMT
POST /articles Thu, 31 Jan 2019 08:53:09 GMT
POST /articles Thu, 31 Jan 2019 08:53:09 GMT
PUT /articles/myswedish-madepenisenlargerandme Thu, 31 Jan 2019 08:53:09 GMT
PUT /articles/holes Thu, 31 Jan 2019 08:53:09 GMT
PUT /articles/myswedish-madepenisenlargerandme Thu, 31 Jan 2019 08:53:09 GMT
DELETE /articles/myswedish-madepenisenlargerandme Thu, 31 Jan 2019 08:53:09 GMT
DELETE /articles/holes Thu, 31 Jan 2019 08:53:09 GMT
GET /products Thu, 31 Jan 2019 08:54:34 GMT
GET /products/new Thu, 31 Jan 2019 08:54:34 GMT
GET /products/1 Thu, 31 Jan 2019 08:54:34 GMT
GET /products/5 Thu, 31 Jan 2019 08:54:34 GMT
GET /products/1/edit Thu, 31 Jan 2019 08:54:34 GMT
GET /products/2/edit Thu, 31 Jan 2019 08:54:34 GMT
POST /products Thu, 31 Jan 2019 08:54:34 GMT
POST /products Thu, 31 Jan 2019 08:54:34 GMT
POST /products Thu, 31 Jan 2019 08:54:34 GMT
PUT /products/1 Thu, 31 Jan 2019 08:54:34 GMT
PUT /products/4 Thu, 31 Jan 2019 08:54:34 GMT
PUT /products/1 Thu, 31 Jan 2019 08:54:34 GMT
DELETE /products/1 Thu, 31 Jan 2019 08:54:34 GMT
DELETE /products/4 Thu, 31 Jan 2019 08:54:34 GMT
GET /articles Thu, 31 Jan 2019 08:54:34 GMT
GET /articles/new Thu, 31 Jan 2019 08:54:34 GMT
GET /articles/myswedish-madepenisenlargerandme Thu, 31 Jan 2019 08:54:34 GMT
GET /articles/shakespeare Thu, 31 Jan 2019 08:54:34 GMT
GET /articles/myswedish-madepenisenlargerandme/edit Thu, 31 Jan 2019 08:54:34 GMT
GET /articles/shakespeare/edit Thu, 31 Jan 2019 08:54:34 GMT
POST /articles Thu, 31 Jan 2019 08:54:34 GMT
POST /articles Thu, 31 Jan 2019 08:54:34 GMT
POST /articles Thu, 31 Jan 2019 08:54:34 GMT
PUT /articles/myswedish-madepenisenlargerandme Thu, 31 Jan 2019 08:54:34 GMT
PUT /articles/holes Thu, 31 Jan 2019 08:54:34 GMT
PUT /articles/myswedish-madepenisenlargerandme Thu, 31 Jan 2019 08:54:34 GMT
DELETE /articles/myswedish-madepenisenlargerandme Thu, 31 Jan 2019 08:54:34 GMT
DELETE /articles/holes Thu, 31 Jan 2019 08:54:34 GMT